[12:39:37] [main/INFO] (FabricLoader) Loading for game Minecraft 20w19a
[12:39:37] [main/DEBUG] (FabricLoader) Requesting deobfuscation of minecraft-20w19a-mapped-net.fabricmc.yarn-20w19a+build.14-v2.jar
[12:39:37] [main/DEBUG] (FabricLoader) [Knot] Proposed file:/C:/Users/train/.gradle/caches/fabric-loom/20w19a-mapped-net.fabricmc.yarn-20w19a+build.14-v2/minecraft-20w19a-mapped-net.fabricmc.yarn-20w19a+build.14-v2.jar to classpath.
[12:39:37] [main/DEBUG] (FabricLoader|EntrypointTransformer) Found game constructor: net.minecraft.client.main.Main -> net.minecraft.client.MinecraftClient
[12:39:37] [main/DEBUG] (FabricLoader|EntrypointTransformer) Patching game constructor <init>(Lnet/minecraft/client/RunArgs;)V
[12:39:37] [main/DEBUG] (FabricLoader|EntrypointTransformer) Run directory field is thought to be net/minecraft/client/MinecraftClient/runDirectory
[12:39:37] [main/DEBUG] (FabricLoader|EntrypointTransformer) Applying brand name hook to net/minecraft/client/ClientBrandRetriever::getClientModName
[12:39:37] [main/DEBUG] (FabricLoader|EntrypointTransformer) Applying brand name hook to net/minecraft/server/MinecraftServer::getServerModName
[12:39:37] [main/DEBUG] (FabricLoader|EntrypointTransformer) [EntrypointTransformer] Patched 3 classes.
[12:39:37] [main/DEBUG] (Fabric|Loader) [ClasspathModCandidateFinder] Adding dev classpath directories to classpath.
[12:39:37] [main/DEBUG] (Fabric|Loader) [ClasspathModCandidateFinder] Processing /C:/Users/train/Desktop/Programing/Git/Reforge/.gradle/loom-cache/remapped_mods/fabric-renderer-indigo-0.2.29+6c0e72dfd2@net.fabricmc.yarn.20w19a.20w19a+build.14-v2.jar
[12:39:37] [main/DEBUG] (Fabric|Loader) [ClasspathModCandidateFinder] Processing /C:/Users/train/Desktop/Programing/Git/Reforge/.gradle/loom-cache/remapped_mods/fabric-particles-v1-0.1.2+12a8474cd2@net.fabricmc.yarn.20w19a.20w19a+build.14-v2.jar
[12:39:37] [ForkJoinPool-1-worker-1/DEBUG] (Fabric|Loader) Testing file:/C:/Users/train/Desktop/Programing/Git/Reforge/.gradle/loom-cache/remapped_mods/fabric-renderer-indigo-0.2.29+6c0e72dfd2@net.fabricmc.yarn.20w19a.20w19a+build.14-v2.jar
[12:39:37] [main/DEBUG] (Fabric|Loader) [ClasspathModCandidateFinder] Processing /C:/Users/train/Desktop/Programing/Git/Reforge/.gradle/loom-cache/remapped_mods/fabric-crash-report-info-v1-0.1.2+b7f9825dd2@net.fabricmc.yarn.20w19a.20w19a+build.14-v2.jar
[12:39:37] [ForkJoinPool-1-worker-2/DEBUG] (Fabric|Loader) Testing file:/C:/Users/train/Desktop/Programing/Git/Reforge/.gradle/loom-cache/remapped_mods/fabric-particles-v1-0.1.2+12a8474cd2@net.fabricmc.yarn.20w19a.20w19a+build.14-v2.jar
[12:39:37] [main/DEBUG] (Fabric|Loader) [ClasspathModCandidateFinder] Processing /C:/Users/train/Desktop/Programing/Git/Reforge/.gradle/loom-cache/remapped_mods/fabric-textures-v0-1.0.4+eae12eb8d2@net.fabricmc.yarn.20w19a.20w19a+build.14-v2.jar
[12:39:37] [main/DEBUG] (Fabric|Loader) [ClasspathModCandidateFinder] Processing /C:/Users/train/Desktop/Programing/Git/Reforge/.gradle/loom-cache/remapped_mods/fabric-api-base-0.1.3+12a8474cd2@net.fabricmc.yarn.20w19a.20w19a+build.14-v2.jar
[12:39:37] [main/DEBUG] (Fabric|Loader) [ClasspathModCandidateFinder] Processing /C:/Users/train/Desktop/Programing/Git/Reforge/.gradle/loom-cache/remapped_mods/fabric-biomes-v1-0.2.2+2fd224cad2@net.fabricmc.yarn.20w19a.20w19a+build.14-v2.jar
[12:39:37] [main/DEBUG] (Fabric|Loader) [ClasspathModCandidateFinder] Processing /C:/Users/train/Desktop/Programing/Git/Reforge/.gradle/loom-cache/remapped_mods/fabric-containers-v0-0.1.7+d249f7b6d2@net.fabricmc.yarn.20w19a.20w19a+build.14-v2.jar
[12:39:37] [main/DEBUG] (Fabric|Loader) [ClasspathModCandidateFinder] Processing /C:/Users/train/Desktop/Programing/Git/Reforge/.gradle/loom-cache/remapped_mods/fabric-events-lifecycle-v0-0.1.2+1a47cd78d2@net.fabricmc.yarn.20w19a.20w19a+build.14-v2.jar
[12:39:37] [main/DEBUG] (Fabric|Loader) [ClasspathModCandidateFinder] Processing /C:/Users/train/Desktop/Programing/Git/Reforge/.gradle/loom-cache/remapped_mods/fabric-tag-extensions-v0-0.2.4+2fd224cad2@net.fabricmc.yarn.20w19a.20w19a+build.14-v2.jar
[12:39:37] [main/DEBUG] (Fabric|Loader) [ClasspathModCandidateFinder] Processing /C:/Users/train/Desktop/Programing/Git/Reforge/.gradle/loom-cache/remapped_mods/fabric-renderer-api-v1-0.2.13+eae12eb8d2@net.fabricmc.yarn.20w19a.20w19a+build.14-v2.jar
[12:39:37] [main/DEBUG] (Fabric|Loader) [ClasspathModCandidateFinder] Processing /C:/Users/train/Desktop/Programing/Git/Reforge/.gradle/loom-cache/remapped_mods/fabric-rendering-v1-1.1.0+304e48ebd2@net.fabricmc.yarn.20w19a.20w19a+build.14-v2.jar
[12:39:37] [main/DEBUG] (Fabric|Loader) [ClasspathModCandidateFinder] Processing /C:/Users/train/Desktop/Programing/Git/Reforge/.gradle/loom-cache/remapped_mods/fabric-resource-loader-v0-0.1.14+2fd224cad2@net.fabricmc.yarn.20w19a.20w19a+build.14-v2.jar
[12:39:37] [ForkJoinPool-1-worker-3/DEBUG] (Fabric|Loader) Testing file:/C:/Users/train/Desktop/Programing/Git/Reforge/.gradle/loom-cache/remapped_mods/fabric-crash-report-info-v1-0.1.2+b7f9825dd2@net.fabricmc.yarn.20w19a.20w19a+build.14-v2.jar
[12:39:37] [main/DEBUG] (Fabric|Loader) [ClasspathModCandidateFinder] Processing /C:/Users/train/Desktop/Programing/Git/Reforge/.gradle/loom-cache/remapped_mods/fabric-object-builder-api-v1-1.2.0+57dbcc4cd2@net.fabricmc.yarn.20w19a.20w19a+build.14-v2.jar
[12:39:37] [main/DEBUG] (Fabric|Loader) [ClasspathModCandidateFinder] Processing /C:/Users/train/Desktop/Programing/Git/Reforge/.gradle/loom-cache/remapped_mods/fabric-tool-attribute-api-v1-1.0.4+fa840743d2@net.fabricmc.yarn.20w19a.20w19a+build.14-v2.jar
[12:39:37] [main/DEBUG] (Fabric|Loader) [ClasspathModCandidateFinder] Processing /C:/Users/train/Desktop/Programing/Git/Reforge/.gradle/loom-cache/remapped_mods/fabric-content-registries-v0-0.1.5+88afe607d2@net.fabricmc.yarn.20w19a.20w19a+build.14-v2.jar
[12:39:37] [main/DEBUG] (Fabric|Loader) [ClasspathModCandidateFinder] Processing /C:/Users/train/Desktop/Programing/Git/Reforge/.gradle/loom-cache/remapped_mods/fabric-mining-levels-v0-0.1.2+b764ce99d2@net.fabricmc.yarn.20w19a.20w19a+build.14-v2.jar
[12:39:37] [main/DEBUG] (Fabric|Loader) [ClasspathModCandidateFinder] Processing /C:/Users/train/Desktop/Programing/Git/Reforge/.gradle/loom-cache/remapped_mods/fabric-rendering-data-attachment-v1-0.1.3+b7f9825dd2@net.fabricmc.yarn.20w19a.20w19a+build.14-v2.jar
[12:39:37] [main/DEBUG] (Fabric|Loader) [ClasspathModCandidateFinder] Processing /C:/Users/train/Desktop/Programing/Git/Reforge/.gradle/loom-cache/remapped_mods/fabric-rendering-fluids-v1-0.1.7+12a8474cd2@net.fabricmc.yarn.20w19a.20w19a+build.14-v2.jar
[12:39:37] [main/DEBUG] (Fabric|Loader) [ClasspathModCandidateFinder] Processing /C:/Users/train/Desktop/Programing/Git/Reforge/.gradle/loom-cache/remapped_mods/fabric-networking-blockentity-v0-0.2.5+b50ffc7bd2@net.fabricmc.yarn.20w19a.20w19a+build.14-v2.jar
[12:39:37] [main/DEBUG] (Fabric|Loader) [ClasspathModCandidateFinder] Processing /C:/Users/train/Desktop/Programing/Git/Reforge/.gradle/loom-cache/remapped_mods/fabric-registry-sync-v0-0.3.2+d1e1b46cd2@net.fabricmc.yarn.20w19a.20w19a+build.14-v2.jar
[12:39:37] [main/DEBUG] (Fabric|Loader) [ClasspathModCandidateFinder] Processing /C:/Users/train/Desktop/Programing/Git/Reforge/.gradle/loom-cache/remapped_mods/fabric-commands-v0-0.2.0+52d30836d2@net.fabricmc.yarn.20w19a.20w19a+build.14-v2.jar
[12:39:37] [main/DEBUG] (Fabric|Loader) [ClasspathModCandidateFinder] Processing /C:/Users/train/Desktop/Programing/Git/Reforge/.gradle/loom-cache/remapped_mods/fabric-blockrenderlayer-v1-1.1.4+c6a8ea89d2@net.fabricmc.yarn.20w19a.20w19a+build.14-v2.jar
[12:39:37] [main/DEBUG] (Fabric|Loader) [ClasspathModCandidateFinder] Processing /C:/Users/train/Desktop/Programing/Git/Reforge/.gradle/loom-cache/remapped_mods/fabric-object-builders-v0-0.5.1+57dbcc4cd2@net.fabricmc.yarn.20w19a.20w19a+build.14-v2.jar
[12:39:37] [main/DEBUG] (Fabric|Loader) [ClasspathModCandidateFinder] Processing /C:/Users/train/Desktop/Programing/Git/Reforge/.gradle/loom-cache/remapped_mods/fabric-api-0.10.7+build.344-1.16@net.fabricmc.yarn.20w19a.20w19a+build.14-v2.jar
[12:39:37] [main/DEBUG] (Fabric|Loader) [ClasspathModCandidateFinder] Processing /C:/Users/train/Desktop/Programing/Git/Reforge/.gradle/loom-cache/remapped_mods/fabric-command-api-v1-1.0.2+fbdec548d2@net.fabricmc.yarn.20w19a.20w19a+build.14-v2.jar
[12:39:37] [main/DEBUG] (Fabric|Loader) [ClasspathModCandidateFinder] Processing /C:/Users/train/Desktop/Programing/Git/Reforge/build/libs/Reforge-0.0.1-dev.jar
[12:39:37] [main/DEBUG] (Fabric|Loader) [ClasspathModCandidateFinder] Processing /C:/Users/train/Desktop/Programing/Git/Reforge/.gradle/loom-cache/remapped_mods/fabric-networking-v0-0.1.9+1a47cd78d2@net.fabricmc.yarn.20w19a.20w19a+build.14-v2.jar
[12:39:37] [main/DEBUG] (Fabric|Loader) [ClasspathModCandidateFinder] Processing /C:/Users/train/Desktop/Programing/Git/Reforge/.gradle/loom-cache/remapped_mods/fabric-loader-0.8.2+build.194@net.fabricmc.yarn.20w19a.20w19a+build.14-v2.jar
[12:39:37] [main/DEBUG] (Fabric|Loader) [ClasspathModCandidateFinder] Processing /C:/Users/train/Desktop/Programing/Git/Reforge/.gradle/loom-cache/remapped_mods/fabric-models-v0-0.1.0+dfdb52d6d2@net.fabricmc.yarn.20w19a.20w19a+build.14-v2.jar
[12:39:37] [main/DEBUG] (Fabric|Loader) [ClasspathModCandidateFinder] Processing /C:/Users/train/Desktop/Programing/Git/Reforge/.gradle/loom-cache/remapped_mods/fabric-events-interaction-v0-0.3.0+04b99794d2@net.fabricmc.yarn.20w19a.20w19a+build.14-v2.jar
[12:39:37] [main/DEBUG] (Fabric|Loader) [ClasspathModCandidateFinder] Processing /C:/Users/train/Desktop/Programing/Git/Reforge/.gradle/loom-cache/remapped_mods/fabric-item-groups-v0-0.1.12+63435d4bd2@net.fabricmc.yarn.20w19a.20w19a+build.14-v2.jar
[12:39:37] [main/DEBUG] (Fabric|Loader) [ClasspathModCandidateFinder] Processing /C:/Users/train/Desktop/Programing/Git/Reforge/.gradle/loom-cache/remapped_mods/fabric-keybindings-v0-0.1.1+dfdb52d6d2@net.fabricmc.yarn.20w19a.20w19a+build.14-v2.jar
[12:39:37] [main/DEBUG] (Fabric|Loader) [ClasspathModCandidateFinder] Processing /C:/Users/train/Desktop/Programing/Git/Reforge/.gradle/loom-cache/remapped_mods/fabric-dimensions-v1-0.4.1+686e6e57d2@net.fabricmc.yarn.20w19a.20w19a+build.14-v2.jar
[12:39:37] [main/DEBUG] (Fabric|Loader) [ClasspathModCandidateFinder] Processing /C:/Users/train/Desktop/Programing/Git/Reforge/.gradle/loom-cache/remapped_mods/fabric-renderer-registries-v1-2.0.1+5a0f9a60d2@net.fabricmc.yarn.20w19a.20w19a+build.14-v2.jar
[12:39:37] [main/DEBUG] (Fabric|Loader) [ClasspathModCandidateFinder] Processing /C:/Users/train/Desktop/Programing/Git/Reforge/.gradle/loom-cache/remapped_mods/fabric-rendering-v0-1.1.0+53410490d2@net.fabricmc.yarn.20w19a.20w19a+build.14-v2.jar
[12:39:37] [main/DEBUG] (Fabric|Loader) [ClasspathModCandidateFinder] Processing /C:/Users/train/Desktop/Programing/Git/Reforge/.gradle/loom-cache/remapped_mods/fabric-loot-tables-v1-0.1.6+2f56dff2d2@net.fabricmc.yarn.20w19a.20w19a+build.14-v2.jar
[12:39:37] [ForkJoinPool-1-worker-2/DEBUG] (Fabric|Loader) Adding file:/C:/Users/train/Desktop/Programing/Git/Reforge/.gradle/loom-cache/remapped_mods/fabric-particles-v1-0.1.2+12a8474cd2@net.fabricmc.yarn.20w19a.20w19a+build.14-v2.jar as ModCandidate{fabric-particles-v1@0.1.2+12a8474cd2}
[12:39:37] [ForkJoinPool-1-worker-2/DEBUG] (Fabric|Loader) Searching for nested JARs in ModCandidate{fabric-particles-v1@0.1.2+12a8474cd2}
[12:39:37] [ForkJoinPool-1-worker-1/DEBUG] (Fabric|Loader) Adding file:/C:/Users/train/Desktop/Programing/Git/Reforge/.gradle/loom-cache/remapped_mods/fabric-renderer-indigo-0.2.29+6c0e72dfd2@net.fabricmc.yarn.20w19a.20w19a+build.14-v2.jar as ModCandidate{fabric-renderer-indigo@0.2.29+6c0e72dfd2}
[12:39:37] [ForkJoinPool-1-worker-1/DEBUG] (Fabric|Loader) Searching for nested JARs in ModCandidate{fabric-renderer-indigo@0.2.29+6c0e72dfd2}
[12:39:37] [ForkJoinPool-1-worker-2/DEBUG] (Fabric|Loader) Testing file:/C:/Users/train/Desktop/Programing/Git/Reforge/.gradle/loom-cache/remapped_mods/fabric-textures-v0-1.0.4+eae12eb8d2@net.fabricmc.yarn.20w19a.20w19a+build.14-v2.jar
[12:39:37] [ForkJoinPool-1-worker-1/DEBUG] (Fabric|Loader) Testing file:/C:/Users/train/Desktop/Programing/Git/Reforge/.gradle/loom-cache/remapped_mods/fabric-api-base-0.1.3+12a8474cd2@net.fabricmc.yarn.20w19a.20w19a+build.14-v2.jar
[12:39:37] [ForkJoinPool-1-worker-3/DEBUG] (Fabric|Loader) Adding file:/C:/Users/train/Desktop/Programing/Git/Reforge/.gradle/loom-cache/remapped_mods/fabric-crash-report-info-v1-0.1.2+b7f9825dd2@net.fabricmc.yarn.20w19a.20w19a+build.14-v2.jar as ModCandidate{fabric-crash-report-info-v1@0.1.2+b7f9825dd2}
[12:39:37] [ForkJoinPool-1-worker-3/DEBUG] (Fabric|Loader) Searching for nested JARs in ModCandidate{fabric-crash-report-info-v1@0.1.2+b7f9825dd2}
[12:39:37] [ForkJoinPool-1-worker-3/DEBUG] (Fabric|Loader) Testing file:/C:/Users/train/Desktop/Programing/Git/Reforge/.gradle/loom-cache/remapped_mods/fabric-biomes-v1-0.2.2+2fd224cad2@net.fabricmc.yarn.20w19a.20w19a+build.14-v2.jar
[12:39:37] [ForkJoinPool-1-worker-2/DEBUG] (Fabric|Loader) Adding file:/C:/Users/train/Desktop/Programing/Git/Reforge/.gradle/loom-cache/remapped_mods/fabric-textures-v0-1.0.4+eae12eb8d2@net.fabricmc.yarn.20w19a.20w19a+build.14-v2.jar as ModCandidate{fabric-textures-v0@1.0.4+eae12eb8d2}
[12:39:37] [ForkJoinPool-1-worker-2/DEBUG] (Fabric|Loader) Searching for nested JARs in ModCandidate{fabric-textures-v0@1.0.4+eae12eb8d2}
[12:39:37] [ForkJoinPool-1-worker-2/DEBUG] (Fabric|Loader) Testing file:/C:/Users/train/Desktop/Programing/Git/Reforge/.gradle/loom-cache/remapped_mods/fabric-containers-v0-0.1.7+d249f7b6d2@net.fabricmc.yarn.20w19a.20w19a+build.14-v2.jar
[12:39:37] [ForkJoinPool-1-worker-3/DEBUG] (Fabric|Loader) Adding file:/C:/Users/train/Desktop/Programing/Git/Reforge/.gradle/loom-cache/remapped_mods/fabric-biomes-v1-0.2.2+2fd224cad2@net.fabricmc.yarn.20w19a.20w19a+build.14-v2.jar as ModCandidate{fabric-biomes-v1@0.2.2+2fd224cad2}
[12:39:37] [ForkJoinPool-1-worker-3/DEBUG] (Fabric|Loader) Searching for nested JARs in ModCandidate{fabric-biomes-v1@0.2.2+2fd224cad2}
[12:39:37] [ForkJoinPool-1-worker-3/DEBUG] (Fabric|Loader) Testing file:/C:/Users/train/Desktop/Programing/Git/Reforge/.gradle/loom-cache/remapped_mods/fabric-events-lifecycle-v0-0.1.2+1a47cd78d2@net.fabricmc.yarn.20w19a.20w19a+build.14-v2.jar
[12:39:37] [ForkJoinPool-1-worker-1/DEBUG] (Fabric|Loader) Adding file:/C:/Users/train/Desktop/Programing/Git/Reforge/.gradle/loom-cache/remapped_mods/fabric-api-base-0.1.3+12a8474cd2@net.fabricmc.yarn.20w19a.20w19a+build.14-v2.jar as ModCandidate{fabric-api-base@0.1.3+12a8474cd2}
[12:39:37] [ForkJoinPool-1-worker-1/DEBUG] (Fabric|Loader) Searching for nested JARs in ModCandidate{fabric-api-base@0.1.3+12a8474cd2}
[12:39:37] [ForkJoinPool-1-worker-1/DEBUG] (Fabric|Loader) Testing file:/C:/Users/train/Desktop/Programing/Git/Reforge/.gradle/loom-cache/remapped_mods/fabric-tag-extensions-v0-0.2.4+2fd224cad2@net.fabricmc.yarn.20w19a.20w19a+build.14-v2.jar
[12:39:37] [ForkJoinPool-1-worker-3/DEBUG] (Fabric|Loader) Adding file:/C:/Users/train/Desktop/Programing/Git/Reforge/.gradle/loom-cache/remapped_mods/fabric-events-lifecycle-v0-0.1.2+1a47cd78d2@net.fabricmc.yarn.20w19a.20w19a+build.14-v2.jar as ModCandidate{fabric-events-lifecycle-v0@0.1.2+1a47cd78d2}
[12:39:37] [ForkJoinPool-1-worker-3/DEBUG] (Fabric|Loader) Searching for nested JARs in ModCandidate{fabric-events-lifecycle-v0@0.1.2+1a47cd78d2}
[12:39:37] [ForkJoinPool-1-worker-3/DEBUG] (Fabric|Loader) Testing file:/C:/Users/train/Desktop/Programing/Git/Reforge/.gradle/loom-cache/remapped_mods/fabric-renderer-api-v1-0.2.13+eae12eb8d2@net.fabricmc.yarn.20w19a.20w19a+build.14-v2.jar
[12:39:37] [ForkJoinPool-1-worker-2/DEBUG] (Fabric|Loader) Adding file:/C:/Users/train/Desktop/Programing/Git/Reforge/.gradle/loom-cache/remapped_mods/fabric-containers-v0-0.1.7+d249f7b6d2@net.fabricmc.yarn.20w19a.20w19a+build.14-v2.jar as ModCandidate{fabric-containers-v0@0.1.7+d249f7b6d2}
[12:39:37] [ForkJoinPool-1-worker-2/DEBUG] (Fabric|Loader) Searching for nested JARs in ModCandidate{fabric-containers-v0@0.1.7+d249f7b6d2}
[12:39:37] [ForkJoinPool-1-worker-2/DEBUG] (Fabric|Loader) Testing file:/C:/Users/train/Desktop/Programing/Git/Reforge/.gradle/loom-cache/remapped_mods/fabric-rendering-v1-1.1.0+304e48ebd2@net.fabricmc.yarn.20w19a.20w19a+build.14-v2.jar
[12:39:37] [ForkJoinPool-1-worker-3/DEBUG] (Fabric|Loader) Adding file:/C:/Users/train/Desktop/Programing/Git/Reforge/.gradle/loom-cache/remapped_mods/fabric-renderer-api-v1-0.2.13+eae12eb8d2@net.fabricmc.yarn.20w19a.20w19a+build.14-v2.jar as ModCandidate{fabric-renderer-api-v1@0.2.13+eae12eb8d2}
[12:39:37] [ForkJoinPool-1-worker-3/DEBUG] (Fabric|Loader) Searching for nested JARs in ModCandidate{fabric-renderer-api-v1@0.2.13+eae12eb8d2}
[12:39:37] [ForkJoinPool-1-worker-3/DEBUG] (Fabric|Loader) Testing file:/C:/Users/train/Desktop/Programing/Git/Reforge/.gradle/loom-cache/remapped_mods/fabric-resource-loader-v0-0.1.14+2fd224cad2@net.fabricmc.yarn.20w19a.20w19a+build.14-v2.jar
[12:39:37] [ForkJoinPool-1-worker-1/DEBUG] (Fabric|Loader) Adding file:/C:/Users/train/Desktop/Programing/Git/Reforge/.gradle/loom-cache/remapped_mods/fabric-tag-extensions-v0-0.2.4+2fd224cad2@net.fabricmc.yarn.20w19a.20w19a+build.14-v2.jar as ModCandidate{fabric-tag-extensions-v0@0.2.4+2fd224cad2}
[12:39:37] [ForkJoinPool-1-worker-1/DEBUG] (Fabric|Loader) Searching for nested JARs in ModCandidate{fabric-tag-extensions-v0@0.2.4+2fd224cad2}
[12:39:37] [ForkJoinPool-1-worker-1/DEBUG] (Fabric|Loader) Testing file:/C:/Users/train/Desktop/Programing/Git/Reforge/.gradle/loom-cache/remapped_mods/fabric-object-builder-api-v1-1.2.0+57dbcc4cd2@net.fabricmc.yarn.20w19a.20w19a+build.14-v2.jar
[12:39:37] [ForkJoinPool-1-worker-3/DEBUG] (Fabric|Loader) Adding file:/C:/Users/train/Desktop/Programing/Git/Reforge/.gradle/loom-cache/remapped_mods/fabric-resource-loader-v0-0.1.14+2fd224cad2@net.fabricmc.yarn.20w19a.20w19a+build.14-v2.jar as ModCandidate{fabric-resource-loader-v0@0.1.14+2fd224cad2}
[12:39:37] [ForkJoinPool-1-worker-3/DEBUG] (Fabric|Loader) Searching for nested JARs in ModCandidate{fabric-resource-loader-v0@0.1.14+2fd224cad2}
[12:39:37] [ForkJoinPool-1-worker-3/DEBUG] (Fabric|Loader) Testing file:/C:/Users/train/Desktop/Programing/Git/Reforge/.gradle/loom-cache/remapped_mods/fabric-tool-attribute-api-v1-1.0.4+fa840743d2@net.fabricmc.yarn.20w19a.20w19a+build.14-v2.jar
[12:39:37] [ForkJoinPool-1-worker-2/DEBUG] (Fabric|Loader) Adding file:/C:/Users/train/Desktop/Programing/Git/Reforge/.gradle/loom-cache/remapped_mods/fabric-rendering-v1-1.1.0+304e48ebd2@net.fabricmc.yarn.20w19a.20w19a+build.14-v2.jar as ModCandidate{fabric-rendering-v1@1.1.0+304e48ebd2}
[12:39:37] [ForkJoinPool-1-worker-2/DEBUG] (Fabric|Loader) Searching for nested JARs in ModCandidate{fabric-rendering-v1@1.1.0+304e48ebd2}
[12:39:37] [ForkJoinPool-1-worker-2/DEBUG] (Fabric|Loader) Testing file:/C:/Users/train/Desktop/Programing/Git/Reforge/.gradle/loom-cache/remapped_mods/fabric-content-registries-v0-0.1.5+88afe607d2@net.fabricmc.yarn.20w19a.20w19a+build.14-v2.jar
[12:39:37] [ForkJoinPool-1-worker-3/DEBUG] (Fabric|Loader) Adding file:/C:/Users/train/Desktop/Programing/Git/Reforge/.gradle/loom-cache/remapped_mods/fabric-tool-attribute-api-v1-1.0.4+fa840743d2@net.fabricmc.yarn.20w19a.20w19a+build.14-v2.jar as ModCandidate{fabric-tool-attribute-api-v1@1.0.4+fa840743d2}
[12:39:37] [ForkJoinPool-1-worker-3/DEBUG] (Fabric|Loader) Searching for nested JARs in ModCandidate{fabric-tool-attribute-api-v1@1.0.4+fa840743d2}
[12:39:37] [ForkJoinPool-1-worker-3/DEBUG] (Fabric|Loader) Testing file:/C:/Users/train/Desktop/Programing/Git/Reforge/.gradle/loom-cache/remapped_mods/fabric-mining-levels-v0-0.1.2+b764ce99d2@net.fabricmc.yarn.20w19a.20w19a+build.14-v2.jar
[12:39:37] [ForkJoinPool-1-worker-1/DEBUG] (Fabric|Loader) Adding file:/C:/Users/train/Desktop/Programing/Git/Reforge/.gradle/loom-cache/remapped_mods/fabric-object-builder-api-v1-1.2.0+57dbcc4cd2@net.fabricmc.yarn.20w19a.20w19a+build.14-v2.jar as ModCandidate{fabric-object-builder-api-v1@1.2.0+57dbcc4cd2}
[12:39:37] [ForkJoinPool-1-worker-1/DEBUG] (Fabric|Loader) Searching for nested JARs in ModCandidate{fabric-object-builder-api-v1@1.2.0+57dbcc4cd2}
[12:39:37] [ForkJoinPool-1-worker-1/DEBUG] (Fabric|Loader) Testing file:/C:/Users/train/Desktop/Programing/Git/Reforge/.gradle/loom-cache/remapped_mods/fabric-rendering-data-attachment-v1-0.1.3+b7f9825dd2@net.fabricmc.yarn.20w19a.20w19a+build.14-v2.jar
[12:39:37] [ForkJoinPool-1-worker-3/DEBUG] (Fabric|Loader) Adding file:/C:/Users/train/Desktop/Programing/Git/Reforge/.gradle/loom-cache/remapped_mods/fabric-mining-levels-v0-0.1.2+b764ce99d2@net.fabricmc.yarn.20w19a.20w19a+build.14-v2.jar as ModCandidate{fabric-mining-levels-v0@0.1.2+b764ce99d2}
[12:39:37] [ForkJoinPool-1-worker-3/DEBUG] (Fabric|Loader) Searching for nested JARs in ModCandidate{fabric-mining-levels-v0@0.1.2+b764ce99d2}
[12:39:37] [ForkJoinPool-1-worker-3/DEBUG] (Fabric|Loader) Testing file:/C:/Users/train/Desktop/Programing/Git/Reforge/.gradle/loom-cache/remapped_mods/fabric-rendering-fluids-v1-0.1.7+12a8474cd2@net.fabricmc.yarn.20w19a.20w19a+build.14-v2.jar
[12:39:37] [ForkJoinPool-1-worker-2/DEBUG] (Fabric|Loader) Adding file:/C:/Users/train/Desktop/Programing/Git/Reforge/.gradle/loom-cache/remapped_mods/fabric-content-registries-v0-0.1.5+88afe607d2@net.fabricmc.yarn.20w19a.20w19a+build.14-v2.jar as ModCandidate{fabric-content-registries-v0@0.1.5+88afe607d2}
[12:39:37] [ForkJoinPool-1-worker-2/DEBUG] (Fabric|Loader) Searching for nested JARs in ModCandidate{fabric-content-registries-v0@0.1.5+88afe607d2}
[12:39:37] [ForkJoinPool-1-worker-2/DEBUG] (Fabric|Loader) Testing file:/C:/Users/train/Desktop/Programing/Git/Reforge/.gradle/loom-cache/remapped_mods/fabric-networking-blockentity-v0-0.2.5+b50ffc7bd2@net.fabricmc.yarn.20w19a.20w19a+build.14-v2.jar
[12:39:37] [ForkJoinPool-1-worker-3/DEBUG] (Fabric|Loader) Adding file:/C:/Users/train/Desktop/Programing/Git/Reforge/.gradle/loom-cache/remapped_mods/fabric-rendering-fluids-v1-0.1.7+12a8474cd2@net.fabricmc.yarn.20w19a.20w19a+build.14-v2.jar as ModCandidate{fabric-rendering-fluids-v1@0.1.7+12a8474cd2}
[12:39:37] [ForkJoinPool-1-worker-3/DEBUG] (Fabric|Loader) Searching for nested JARs in ModCandidate{fabric-rendering-fluids-v1@0.1.7+12a8474cd2}
[12:39:37] [ForkJoinPool-1-worker-3/DEBUG] (Fabric|Loader) Testing file:/C:/Users/train/Desktop/Programing/Git/Reforge/.gradle/loom-cache/remapped_mods/fabric-registry-sync-v0-0.3.2+d1e1b46cd2@net.fabricmc.yarn.20w19a.20w19a+build.14-v2.jar
[12:39:37] [ForkJoinPool-1-worker-1/DEBUG] (Fabric|Loader) Adding file:/C:/Users/train/Desktop/Programing/Git/Reforge/.gradle/loom-cache/remapped_mods/fabric-rendering-data-attachment-v1-0.1.3+b7f9825dd2@net.fabricmc.yarn.20w19a.20w19a+build.14-v2.jar as ModCandidate{fabric-rendering-data-attachment-v1@0.1.3+b7f9825dd2}
[12:39:37] [ForkJoinPool-1-worker-1/DEBUG] (Fabric|Loader) Searching for nested JARs in ModCandidate{fabric-rendering-data-attachment-v1@0.1.3+b7f9825dd2}
[12:39:37] [ForkJoinPool-1-worker-1/DEBUG] (Fabric|Loader) Testing file:/C:/Users/train/Desktop/Programing/Git/Reforge/.gradle/loom-cache/remapped_mods/fabric-commands-v0-0.2.0+52d30836d2@net.fabricmc.yarn.20w19a.20w19a+build.14-v2.jar
[12:39:37] [ForkJoinPool-1-worker-3/DEBUG] (Fabric|Loader) Adding file:/C:/Users/train/Desktop/Programing/Git/Reforge/.gradle/loom-cache/remapped_mods/fabric-registry-sync-v0-0.3.2+d1e1b46cd2@net.fabricmc.yarn.20w19a.20w19a+build.14-v2.jar as ModCandidate{fabric-registry-sync-v0@0.3.2+d1e1b46cd2}
[12:39:37] [ForkJoinPool-1-worker-3/DEBUG] (Fabric|Loader) Searching for nested JARs in ModCandidate{fabric-registry-sync-v0@0.3.2+d1e1b46cd2}
[12:39:37] [ForkJoinPool-1-worker-3/DEBUG] (Fabric|Loader) Testing file:/C:/Users/train/Desktop/Programing/Git/Reforge/.gradle/loom-cache/remapped_mods/fabric-blockrenderlayer-v1-1.1.4+c6a8ea89d2@net.fabricmc.yarn.20w19a.20w19a+build.14-v2.jar
[12:39:37] [ForkJoinPool-1-worker-2/DEBUG] (Fabric|Loader) Adding file:/C:/Users/train/Desktop/Programing/Git/Reforge/.gradle/loom-cache/remapped_mods/fabric-networking-blockentity-v0-0.2.5+b50ffc7bd2@net.fabricmc.yarn.20w19a.20w19a+build.14-v2.jar as ModCandidate{fabric-networking-blockentity-v0@0.2.5+b50ffc7bd2}
[12:39:37] [ForkJoinPool-1-worker-2/DEBUG] (Fabric|Loader) Searching for nested JARs in ModCandidate{fabric-networking-blockentity-v0@0.2.5+b50ffc7bd2}
[12:39:37] [ForkJoinPool-1-worker-2/DEBUG] (Fabric|Loader) Testing file:/C:/Users/train/Desktop/Programing/Git/Reforge/.gradle/loom-cache/remapped_mods/fabric-object-builders-v0-0.5.1+57dbcc4cd2@net.fabricmc.yarn.20w19a.20w19a+build.14-v2.jar
[12:39:37] [ForkJoinPool-1-worker-3/DEBUG] (Fabric|Loader) Adding file:/C:/Users/train/Desktop/Programing/Git/Reforge/.gradle/loom-cache/remapped_mods/fabric-blockrenderlayer-v1-1.1.4+c6a8ea89d2@net.fabricmc.yarn.20w19a.20w19a+build.14-v2.jar as ModCandidate{fabric-blockrenderlayer-v1@1.1.4+c6a8ea89d2}
[12:39:37] [ForkJoinPool-1-worker-3/DEBUG] (Fabric|Loader) Searching for nested JARs in ModCandidate{fabric-blockrenderlayer-v1@1.1.4+c6a8ea89d2}
[12:39:37] [ForkJoinPool-1-worker-3/DEBUG] (Fabric|Loader) Testing file:/C:/Users/train/Desktop/Programing/Git/Reforge/.gradle/loom-cache/remapped_mods/fabric-api-0.10.7+build.344-1.16@net.fabricmc.yarn.20w19a.20w19a+build.14-v2.jar
[12:39:37] [ForkJoinPool-1-worker-1/DEBUG] (Fabric|Loader) Adding file:/C:/Users/train/Desktop/Programing/Git/Reforge/.gradle/loom-cache/remapped_mods/fabric-commands-v0-0.2.0+52d30836d2@net.fabricmc.yarn.20w19a.20w19a+build.14-v2.jar as ModCandidate{fabric-commands-v0@0.2.0+52d30836d2}
[12:39:37] [ForkJoinPool-1-worker-1/DEBUG] (Fabric|Loader) Searching for nested JARs in ModCandidate{fabric-commands-v0@0.2.0+52d30836d2}
[12:39:37] [ForkJoinPool-1-worker-1/DEBUG] (Fabric|Loader) Testing file:/C:/Users/train/Desktop/Programing/Git/Reforge/.gradle/loom-cache/remapped_mods/fabric-command-api-v1-1.0.2+fbdec548d2@net.fabricmc.yarn.20w19a.20w19a+build.14-v2.jar
[12:39:37] [ForkJoinPool-1-worker-3/DEBUG] (Fabric|Loader) Adding file:/C:/Users/train/Desktop/Programing/Git/Reforge/.gradle/loom-cache/remapped_mods/fabric-api-0.10.7+build.344-1.16@net.fabricmc.yarn.20w19a.20w19a+build.14-v2.jar as ModCandidate{fabric@0.10.7+build.344-1.16}
[12:39:37] [ForkJoinPool-1-worker-3/DEBUG] (Fabric|Loader) Searching for nested JARs in ModCandidate{fabric@0.10.7+build.344-1.16}
[12:39:37] [ForkJoinPool-1-worker-3/DEBUG] (Fabric|Loader) Testing file:/C:/Users/train/Desktop/Programing/Git/Reforge/build/libs/Reforge-0.0.1-dev.jar
[12:39:37] [ForkJoinPool-1-worker-2/DEBUG] (Fabric|Loader) Adding file:/C:/Users/train/Desktop/Programing/Git/Reforge/.gradle/loom-cache/remapped_mods/fabric-object-builders-v0-0.5.1+57dbcc4cd2@net.fabricmc.yarn.20w19a.20w19a+build.14-v2.jar as ModCandidate{fabric-object-builders-v0@0.5.1+57dbcc4cd2}
[12:39:37] [ForkJoinPool-1-worker-2/DEBUG] (Fabric|Loader) Searching for nested JARs in ModCandidate{fabric-object-builders-v0@0.5.1+57dbcc4cd2}
[12:39:37] [ForkJoinPool-1-worker-2/DEBUG] (Fabric|Loader) Testing file:/C:/Users/train/Desktop/Programing/Git/Reforge/.gradle/loom-cache/remapped_mods/fabric-networking-v0-0.1.9+1a47cd78d2@net.fabricmc.yarn.20w19a.20w19a+build.14-v2.jar
[12:39:37] [ForkJoinPool-1-worker-3/DEBUG] (Fabric|Loader) Adding file:/C:/Users/train/Desktop/Programing/Git/Reforge/build/libs/Reforge-0.0.1-dev.jar as ModCandidate{modid@0.0.1}
[12:39:37] [ForkJoinPool-1-worker-3/DEBUG] (Fabric|Loader) Searching for nested JARs in ModCandidate{modid@0.0.1}
[12:39:37] [ForkJoinPool-1-worker-3/DEBUG] (Fabric|Loader) Testing file:/C:/Users/train/Desktop/Programing/Git/Reforge/.gradle/loom-cache/remapped_mods/fabric-loader-0.8.2+build.194@net.fabricmc.yarn.20w19a.20w19a+build.14-v2.jar
[12:39:37] [ForkJoinPool-1-worker-1/DEBUG] (Fabric|Loader) Adding file:/C:/Users/train/Desktop/Programing/Git/Reforge/.gradle/loom-cache/remapped_mods/fabric-command-api-v1-1.0.2+fbdec548d2@net.fabricmc.yarn.20w19a.20w19a+build.14-v2.jar as ModCandidate{fabric-command-api-v1@1.0.2+fbdec548d2}
[12:39:37] [ForkJoinPool-1-worker-1/DEBUG] (Fabric|Loader) Searching for nested JARs in ModCandidate{fabric-command-api-v1@1.0.2+fbdec548d2}
[12:39:37] [ForkJoinPool-1-worker-1/DEBUG] (Fabric|Loader) Testing file:/C:/Users/train/Desktop/Programing/Git/Reforge/.gradle/loom-cache/remapped_mods/fabric-models-v0-0.1.0+dfdb52d6d2@net.fabricmc.yarn.20w19a.20w19a+build.14-v2.jar
[12:39:37] [ForkJoinPool-1-worker-3/DEBUG] (Fabric|Loader) Adding file:/C:/Users/train/Desktop/Programing/Git/Reforge/.gradle/loom-cache/remapped_mods/fabric-loader-0.8.2+build.194@net.fabricmc.yarn.20w19a.20w19a+build.14-v2.jar as ModCandidate{fabricloader@0.8.2+build.194}
[12:39:37] [ForkJoinPool-1-worker-3/DEBUG] (Fabric|Loader) Searching for nested JARs in ModCandidate{fabricloader@0.8.2+build.194}
[12:39:37] [ForkJoinPool-1-worker-3/DEBUG] (Fabric|Loader) Testing file:/C:/Users/train/Desktop/Programing/Git/Reforge/.gradle/loom-cache/remapped_mods/fabric-events-interaction-v0-0.3.0+04b99794d2@net.fabricmc.yarn.20w19a.20w19a+build.14-v2.jar
[12:39:37] [ForkJoinPool-1-worker-2/DEBUG] (Fabric|Loader) Adding file:/C:/Users/train/Desktop/Programing/Git/Reforge/.gradle/loom-cache/remapped_mods/fabric-networking-v0-0.1.9+1a47cd78d2@net.fabricmc.yarn.20w19a.20w19a+build.14-v2.jar as ModCandidate{fabric-networking-v0@0.1.9+1a47cd78d2}
[12:39:37] [ForkJoinPool-1-worker-2/DEBUG] (Fabric|Loader) Searching for nested JARs in ModCandidate{fabric-networking-v0@0.1.9+1a47cd78d2}
[12:39:37] [ForkJoinPool-1-worker-2/DEBUG] (Fabric|Loader) Testing file:/C:/Users/train/Desktop/Programing/Git/Reforge/.gradle/loom-cache/remapped_mods/fabric-item-groups-v0-0.1.12+63435d4bd2@net.fabricmc.yarn.20w19a.20w19a+build.14-v2.jar
[12:39:37] [ForkJoinPool-1-worker-3/DEBUG] (Fabric|Loader) Adding file:/C:/Users/train/Desktop/Programing/Git/Reforge/.gradle/loom-cache/remapped_mods/fabric-events-interaction-v0-0.3.0+04b99794d2@net.fabricmc.yarn.20w19a.20w19a+build.14-v2.jar as ModCandidate{fabric-events-interaction-v0@0.3.0+04b99794d2}
[12:39:37] [ForkJoinPool-1-worker-3/DEBUG] (Fabric|Loader) Searching for nested JARs in ModCandidate{fabric-events-interaction-v0@0.3.0+04b99794d2}
[12:39:37] [ForkJoinPool-1-worker-3/DEBUG] (Fabric|Loader) Testing file:/C:/Users/train/Desktop/Programing/Git/Reforge/.gradle/loom-cache/remapped_mods/fabric-keybindings-v0-0.1.1+dfdb52d6d2@net.fabricmc.yarn.20w19a.20w19a+build.14-v2.jar
[12:39:37] [ForkJoinPool-1-worker-1/DEBUG] (Fabric|Loader) Adding file:/C:/Users/train/Desktop/Programing/Git/Reforge/.gradle/loom-cache/remapped_mods/fabric-models-v0-0.1.0+dfdb52d6d2@net.fabricmc.yarn.20w19a.20w19a+build.14-v2.jar as ModCandidate{fabric-models-v0@0.1.0+dfdb52d6d2}
[12:39:37] [ForkJoinPool-1-worker-1/DEBUG] (Fabric|Loader) Searching for nested JARs in ModCandidate{fabric-models-v0@0.1.0+dfdb52d6d2}
[12:39:37] [ForkJoinPool-1-worker-1/DEBUG] (Fabric|Loader) Testing file:/C:/Users/train/Desktop/Programing/Git/Reforge/.gradle/loom-cache/remapped_mods/fabric-dimensions-v1-0.4.1+686e6e57d2@net.fabricmc.yarn.20w19a.20w19a+build.14-v2.jar
[12:39:37] [ForkJoinPool-1-worker-3/DEBUG] (Fabric|Loader) Adding file:/C:/Users/train/Desktop/Programing/Git/Reforge/.gradle/loom-cache/remapped_mods/fabric-keybindings-v0-0.1.1+dfdb52d6d2@net.fabricmc.yarn.20w19a.20w19a+build.14-v2.jar as ModCandidate{fabric-keybindings-v0@0.1.1+dfdb52d6d2}
[12:39:37] [ForkJoinPool-1-worker-3/DEBUG] (Fabric|Loader) Searching for nested JARs in ModCandidate{fabric-keybindings-v0@0.1.1+dfdb52d6d2}
[12:39:37] [ForkJoinPool-1-worker-3/DEBUG] (Fabric|Loader) Testing file:/C:/Users/train/Desktop/Programing/Git/Reforge/.gradle/loom-cache/remapped_mods/fabric-renderer-registries-v1-2.0.1+5a0f9a60d2@net.fabricmc.yarn.20w19a.20w19a+build.14-v2.jar
[12:39:37] [ForkJoinPool-1-worker-2/DEBUG] (Fabric|Loader) Adding file:/C:/Users/train/Desktop/Programing/Git/Reforge/.gradle/loom-cache/remapped_mods/fabric-item-groups-v0-0.1.12+63435d4bd2@net.fabricmc.yarn.20w19a.20w19a+build.14-v2.jar as ModCandidate{fabric-item-groups-v0@0.1.12+63435d4bd2}
[12:39:37] [ForkJoinPool-1-worker-2/DEBUG] (Fabric|Loader) Searching for nested JARs in ModCandidate{fabric-item-groups-v0@0.1.12+63435d4bd2}
[12:39:37] [ForkJoinPool-1-worker-2/DEBUG] (Fabric|Loader) Testing file:/C:/Users/train/Desktop/Programing/Git/Reforge/.gradle/loom-cache/remapped_mods/fabric-rendering-v0-1.1.0+53410490d2@net.fabricmc.yarn.20w19a.20w19a+build.14-v2.jar
[12:39:37] [ForkJoinPool-1-worker-3/DEBUG] (Fabric|Loader) Adding file:/C:/Users/train/Desktop/Programing/Git/Reforge/.gradle/loom-cache/remapped_mods/fabric-renderer-registries-v1-2.0.1+5a0f9a60d2@net.fabricmc.yarn.20w19a.20w19a+build.14-v2.jar as ModCandidate{fabric-renderer-registries-v1@2.0.1+5a0f9a60d2}
[12:39:37] [ForkJoinPool-1-worker-3/DEBUG] (Fabric|Loader) Searching for nested JARs in ModCandidate{fabric-renderer-registries-v1@2.0.1+5a0f9a60d2}
[12:39:37] [ForkJoinPool-1-worker-3/DEBUG] (Fabric|Loader) Testing file:/C:/Users/train/Desktop/Programing/Git/Reforge/.gradle/loom-cache/remapped_mods/fabric-loot-tables-v1-0.1.6+2f56dff2d2@net.fabricmc.yarn.20w19a.20w19a+build.14-v2.jar
[12:39:37] [ForkJoinPool-1-worker-1/DEBUG] (Fabric|Loader) Adding file:/C:/Users/train/Desktop/Programing/Git/Reforge/.gradle/loom-cache/remapped_mods/fabric-dimensions-v1-0.4.1+686e6e57d2@net.fabricmc.yarn.20w19a.20w19a+build.14-v2.jar as ModCandidate{fabric-dimensions-v1@0.4.1+686e6e57d2}
[12:39:37] [ForkJoinPool-1-worker-1/DEBUG] (Fabric|Loader) Searching for nested JARs in ModCandidate{fabric-dimensions-v1@0.4.1+686e6e57d2}
[12:39:37] [ForkJoinPool-1-worker-3/DEBUG] (Fabric|Loader) Adding file:/C:/Users/train/Desktop/Programing/Git/Reforge/.gradle/loom-cache/remapped_mods/fabric-loot-tables-v1-0.1.6+2f56dff2d2@net.fabricmc.yarn.20w19a.20w19a+build.14-v2.jar as ModCandidate{fabric-loot-tables-v1@0.1.6+2f56dff2d2}
[12:39:37] [ForkJoinPool-1-worker-3/DEBUG] (Fabric|Loader) Searching for nested JARs in ModCandidate{fabric-loot-tables-v1@0.1.6+2f56dff2d2}
[12:39:37] [ForkJoinPool-1-worker-2/DEBUG] (Fabric|Loader) Adding file:/C:/Users/train/Desktop/Programing/Git/Reforge/.gradle/loom-cache/remapped_mods/fabric-rendering-v0-1.1.0+53410490d2@net.fabricmc.yarn.20w19a.20w19a+build.14-v2.jar as ModCandidate{fabric-rendering-v0@1.1.0+53410490d2}
[12:39:37] [ForkJoinPool-1-worker-2/DEBUG] (Fabric|Loader) Searching for nested JARs in ModCandidate{fabric-rendering-v0@1.1.0+53410490d2}
[12:39:37] [main/DEBUG] (Fabric|Loader) Mod resolution detection time: 155ms
[12:39:37] [main/DEBUG] (Fabric|Loader) Mod resolution time: 5ms
[12:39:37] [main/INFO] (Fabric|Loader) [FabricLoader] Loading 37 mods: fabric-renderer-api-v1@0.2.13+eae12eb8d2, minecraft@1.16-alpha.20.19.a, fabric-networking-blockentity-v0@0.2.5+b50ffc7bd2, fabric-keybindings-v0@0.1.1+dfdb52d6d2, fabric-command-api-v1@1.0.2+fbdec548d2, fabricloader@0.8.2+build.194, fabric-tool-attribute-api-v1@1.0.4+fa840743d2, fabric-renderer-indigo@0.2.29+6c0e72dfd2, fabric-containers-v0@0.1.7+d249f7b6d2, fabric-object-builder-api-v1@1.2.0+57dbcc4cd2, fabric-dimensions-v1@0.4.1+686e6e57d2, fabric-biomes-v1@0.2.2+2fd224cad2, fabric-crash-report-info-v1@0.1.2+b7f9825dd2, fabric-events-interaction-v0@0.3.0+04b99794d2, fabric-api-base@0.1.3+12a8474cd2, fabric-rendering-v0@1.1.0+53410490d2, fabric-rendering-v1@1.1.0+304e48ebd2, fabric-rendering-data-attachment-v1@0.1.3+b7f9825dd2, fabric-resource-loader-v0@0.1.14+2fd224cad2, fabric-textures-v0@1.0.4+eae12eb8d2, fabric-content-registries-v0@0.1.5+88afe607d2, fabric-tag-extensions-v0@0.2.4+2fd224cad2, fabric-rendering-fluids-v1@0.1.7+12a8474cd2, fabric-registry-sync-v0@0.3.2+d1e1b46cd2, fabric-commands-v0@0.2.0+52d30836d2, modid@0.0.1, fabric-blockrenderlayer-v1@1.1.4+c6a8ea89d2, fabric-mining-levels-v0@0.1.2+b764ce99d2, fabric-renderer-registries-v1@2.0.1+5a0f9a60d2, fabric-events-lifecycle-v0@0.1.2+1a47cd78d2, fabric-loot-tables-v1@0.1.6+2f56dff2d2, fabric@0.10.7+build.344-1.16, fabric-particles-v1@0.1.2+12a8474cd2, fabric-models-v0@0.1.0+dfdb52d6d2, fabric-item-groups-v0@0.1.12+63435d4bd2, fabric-object-builders-v0@0.5.1+57dbcc4cd2, fabric-networking-v0@0.1.9+1a47cd78d2
[12:39:37] [main/DEBUG] (FabricLoader) [Knot] Proposed file:/C:/Users/train/Desktop/Programing/Git/Reforge/.gradle/loom-cache/remapped_mods/fabric-renderer-api-v1-0.2.13+eae12eb8d2@net.fabricmc.yarn.20w19a.20w19a+build.14-v2.jar to classpath.
[12:39:37] [main/DEBUG] (FabricLoader) [Knot] Proposed file:/C:/Users/train/.gradle/caches/fabric-loom/20w19a-mapped-net.fabricmc.yarn-20w19a+build.14-v2/minecraft-20w19a-mapped-net.fabricmc.yarn-20w19a+build.14-v2.jar to classpath.
[12:39:37] [main/DEBUG] (FabricLoader) [Knot] Proposed file:/C:/Users/train/Desktop/Programing/Git/Reforge/.gradle/loom-cache/remapped_mods/fabric-networking-blockentity-v0-0.2.5+b50ffc7bd2@net.fabricmc.yarn.20w19a.20w19a+build.14-v2.jar to classpath.
[12:39:37] [main/DEBUG] (FabricLoader) [Knot] Proposed file:/C:/Users/train/Desktop/Programing/Git/Reforge/.gradle/loom-cache/remapped_mods/fabric-keybindings-v0-0.1.1+dfdb52d6d2@net.fabricmc.yarn.20w19a.20w19a+build.14-v2.jar to classpath.
[12:39:37] [main/DEBUG] (FabricLoader) [Knot] Proposed file:/C:/Users/train/Desktop/Programing/Git/Reforge/.gradle/loom-cache/remapped_mods/fabric-command-api-v1-1.0.2+fbdec548d2@net.fabricmc.yarn.20w19a.20w19a+build.14-v2.jar to classpath.
[12:39:37] [main/DEBUG] (FabricLoader) [Knot] Proposed file:/C:/Users/train/Desktop/Programing/Git/Reforge/.gradle/loom-cache/remapped_mods/fabric-tool-attribute-api-v1-1.0.4+fa840743d2@net.fabricmc.yarn.20w19a.20w19a+build.14-v2.jar to classpath.
[12:39:37] [main/DEBUG] (FabricLoader) [Knot] Proposed file:/C:/Users/train/Desktop/Programing/Git/Reforge/.gradle/loom-cache/remapped_mods/fabric-renderer-indigo-0.2.29+6c0e72dfd2@net.fabricmc.yarn.20w19a.20w19a+build.14-v2.jar to classpath.
[12:39:37] [main/DEBUG] (FabricLoader) [Knot] Proposed file:/C:/Users/train/Desktop/Programing/Git/Reforge/.gradle/loom-cache/remapped_mods/fabric-containers-v0-0.1.7+d249f7b6d2@net.fabricmc.yarn.20w19a.20w19a+build.14-v2.jar to classpath.
[12:39:37] [main/DEBUG] (FabricLoader) [Knot] Proposed file:/C:/Users/train/Desktop/Programing/Git/Reforge/.gradle/loom-cache/remapped_mods/fabric-object-builder-api-v1-1.2.0+57dbcc4cd2@net.fabricmc.yarn.20w19a.20w19a+build.14-v2.jar to classpath.
[12:39:37] [main/DEBUG] (FabricLoader) [Knot] Proposed file:/C:/Users/train/Desktop/Programing/Git/Reforge/.gradle/loom-cache/remapped_mods/fabric-dimensions-v1-0.4.1+686e6e57d2@net.fabricmc.yarn.20w19a.20w19a+build.14-v2.jar to classpath.
[12:39:37] [main/DEBUG] (FabricLoader) [Knot] Proposed file:/C:/Users/train/Desktop/Programing/Git/Reforge/.gradle/loom-cache/remapped_mods/fabric-biomes-v1-0.2.2+2fd224cad2@net.fabricmc.yarn.20w19a.20w19a+build.14-v2.jar to classpath.
[12:39:37] [main/DEBUG] (FabricLoader) [Knot] Proposed file:/C:/Users/train/Desktop/Programing/Git/Reforge/.gradle/loom-cache/remapped_mods/fabric-crash-report-info-v1-0.1.2+b7f9825dd2@net.fabricmc.yarn.20w19a.20w19a+build.14-v2.jar to classpath.
[12:39:37] [main/DEBUG] (FabricLoader) [Knot] Proposed file:/C:/Users/train/Desktop/Programing/Git/Reforge/.gradle/loom-cache/remapped_mods/fabric-events-interaction-v0-0.3.0+04b99794d2@net.fabricmc.yarn.20w19a.20w19a+build.14-v2.jar to classpath.
[12:39:37] [main/DEBUG] (FabricLoader) [Knot] Proposed file:/C:/Users/train/Desktop/Programing/Git/Reforge/.gradle/loom-cache/remapped_mods/fabric-api-base-0.1.3+12a8474cd2@net.fabricmc.yarn.20w19a.20w19a+build.14-v2.jar to classpath.
[12:39:37] [main/DEBUG] (FabricLoader) [Knot] Proposed file:/C:/Users/train/Desktop/Programing/Git/Reforge/.gradle/loom-cache/remapped_mods/fabric-rendering-v0-1.1.0+53410490d2@net.fabricmc.yarn.20w19a.20w19a+build.14-v2.jar to classpath.
[12:39:37] [main/DEBUG] (FabricLoader) [Knot] Proposed file:/C:/Users/train/Desktop/Programing/Git/Reforge/.gradle/loom-cache/remapped_mods/fabric-rendering-v1-1.1.0+304e48ebd2@net.fabricmc.yarn.20w19a.20w19a+build.14-v2.jar to classpath.
[12:39:37] [main/DEBUG] (FabricLoader) [Knot] Proposed file:/C:/Users/train/Desktop/Programing/Git/Reforge/.gradle/loom-cache/remapped_mods/fabric-rendering-data-attachment-v1-0.1.3+b7f9825dd2@net.fabricmc.yarn.20w19a.20w19a+build.14-v2.jar to classpath.
[12:39:37] [main/DEBUG] (FabricLoader) [Knot] Proposed file:/C:/Users/train/Desktop/Programing/Git/Reforge/.gradle/loom-cache/remapped_mods/fabric-resource-loader-v0-0.1.14+2fd224cad2@net.fabricmc.yarn.20w19a.20w19a+build.14-v2.jar to classpath.
[12:39:37] [main/DEBUG] (FabricLoader) [Knot] Proposed file:/C:/Users/train/Desktop/Programing/Git/Reforge/.gradle/loom-cache/remapped_mods/fabric-textures-v0-1.0.4+eae12eb8d2@net.fabricmc.yarn.20w19a.20w19a+build.14-v2.jar to classpath.
[12:39:37] [main/DEBUG] (FabricLoader) [Knot] Proposed file:/C:/Users/train/Desktop/Programing/Git/Reforge/.gradle/loom-cache/remapped_mods/fabric-content-registries-v0-0.1.5+88afe607d2@net.fabricmc.yarn.20w19a.20w19a+build.14-v2.jar to classpath.
[12:39:37] [main/DEBUG] (FabricLoader) [Knot] Proposed file:/C:/Users/train/Desktop/Programing/Git/Reforge/.gradle/loom-cache/remapped_mods/fabric-tag-extensions-v0-0.2.4+2fd224cad2@net.fabricmc.yarn.20w19a.20w19a+build.14-v2.jar to classpath.
[12:39:37] [main/DEBUG] (FabricLoader) [Knot] Proposed file:/C:/Users/train/Desktop/Programing/Git/Reforge/.gradle/loom-cache/remapped_mods/fabric-rendering-fluids-v1-0.1.7+12a8474cd2@net.fabricmc.yarn.20w19a.20w19a+build.14-v2.jar to classpath.
[12:39:37] [main/DEBUG] (FabricLoader) [Knot] Proposed file:/C:/Users/train/Desktop/Programing/Git/Reforge/.gradle/loom-cache/remapped_mods/fabric-registry-sync-v0-0.3.2+d1e1b46cd2@net.fabricmc.yarn.20w19a.20w19a+build.14-v2.jar to classpath.
[12:39:37] [main/DEBUG] (FabricLoader) [Knot] Proposed file:/C:/Users/train/Desktop/Programing/Git/Reforge/.gradle/loom-cache/remapped_mods/fabric-commands-v0-0.2.0+52d30836d2@net.fabricmc.yarn.20w19a.20w19a+build.14-v2.jar to classpath.
[12:39:37] [main/DEBUG] (FabricLoader) [Knot] Proposed file:/C:/Users/train/Desktop/Programing/Git/Reforge/build/libs/Reforge-0.0.1-dev.jar to classpath.
[12:39:37] [main/DEBUG] (FabricLoader) [Knot] Proposed file:/C:/Users/train/Desktop/Programing/Git/Reforge/.gradle/loom-cache/remapped_mods/fabric-blockrenderlayer-v1-1.1.4+c6a8ea89d2@net.fabricmc.yarn.20w19a.20w19a+build.14-v2.jar to classpath.
[12:39:37] [main/DEBUG] (FabricLoader) [Knot] Proposed file:/C:/Users/train/Desktop/Programing/Git/Reforge/.gradle/loom-cache/remapped_mods/fabric-mining-levels-v0-0.1.2+b764ce99d2@net.fabricmc.yarn.20w19a.20w19a+build.14-v2.jar to classpath.
[12:39:37] [main/DEBUG] (FabricLoader) [Knot] Proposed file:/C:/Users/train/Desktop/Programing/Git/Reforge/.gradle/loom-cache/remapped_mods/fabric-renderer-registries-v1-2.0.1+5a0f9a60d2@net.fabricmc.yarn.20w19a.20w19a+build.14-v2.jar to classpath.
[12:39:37] [main/DEBUG] (FabricLoader) [Knot] Proposed file:/C:/Users/train/Desktop/Programing/Git/Reforge/.gradle/loom-cache/remapped_mods/fabric-events-lifecycle-v0-0.1.2+1a47cd78d2@net.fabricmc.yarn.20w19a.20w19a+build.14-v2.jar to classpath.
[12:39:37] [main/DEBUG] (FabricLoader) [Knot] Proposed file:/C:/Users/train/Desktop/Programing/Git/Reforge/.gradle/loom-cache/remapped_mods/fabric-loot-tables-v1-0.1.6+2f56dff2d2@net.fabricmc.yarn.20w19a.20w19a+build.14-v2.jar to classpath.
[12:39:37] [main/DEBUG] (FabricLoader) [Knot] Proposed file:/C:/Users/train/Desktop/Programing/Git/Reforge/.gradle/loom-cache/remapped_mods/fabric-api-0.10.7+build.344-1.16@net.fabricmc.yarn.20w19a.20w19a+build.14-v2.jar to classpath.
[12:39:37] [main/DEBUG] (FabricLoader) [Knot] Proposed file:/C:/Users/train/Desktop/Programing/Git/Reforge/.gradle/loom-cache/remapped_mods/fabric-particles-v1-0.1.2+12a8474cd2@net.fabricmc.yarn.20w19a.20w19a+build.14-v2.jar to classpath.
[12:39:37] [main/DEBUG] (FabricLoader) [Knot] Proposed file:/C:/Users/train/Desktop/Programing/Git/Reforge/.gradle/loom-cache/remapped_mods/fabric-models-v0-0.1.0+dfdb52d6d2@net.fabricmc.yarn.20w19a.20w19a+build.14-v2.jar to classpath.
[12:39:37] [main/DEBUG] (FabricLoader) [Knot] Proposed file:/C:/Users/train/Desktop/Programing/Git/Reforge/.gradle/loom-cache/remapped_mods/fabric-item-groups-v0-0.1.12+63435d4bd2@net.fabricmc.yarn.20w19a.20w19a+build.14-v2.jar to classpath.
[12:39:37] [main/DEBUG] (FabricLoader) [Knot] Proposed file:/C:/Users/train/Desktop/Programing/Git/Reforge/.gradle/loom-cache/remapped_mods/fabric-object-builders-v0-0.5.1+57dbcc4cd2@net.fabricmc.yarn.20w19a.20w19a+build.14-v2.jar to classpath.
[12:39:37] [main/DEBUG] (FabricLoader) [Knot] Proposed file:/C:/Users/train/Desktop/Programing/Git/Reforge/.gradle/loom-cache/remapped_mods/fabric-networking-v0-0.1.9+1a47cd78d2@net.fabricmc.yarn.20w19a.20w19a+build.14-v2.jar to classpath.
[12:39:37] [main/DEBUG] (Fabric|Loader) Registering new-style initializer net.fabricmc.fabric.impl.client.indigo.Indigo for mod fabric-renderer-indigo (key client)
[12:39:37] [main/DEBUG] (Fabric|Loader) Registering new-style initializer net.fabricmc.fabric.impl.client.container.ScreenProviderRegistryImpl::init for mod fabric-containers-v0 (key client)
[12:39:37] [main/DEBUG] (Fabric|Loader) Registering new-style initializer net.fabricmc.fabric.impl.dimension.FabricDimensionClientInit::onClientInit for mod fabric-dimensions-v1 (key client)
[12:39:37] [main/DEBUG] (Fabric|Loader) Registering new-style initializer net.fabricmc.fabric.impl.event.interaction.InteractionEventsRouterClient for mod fabric-events-interaction-v0 (key client)
[12:39:37] [main/DEBUG] (Fabric|Loader) Registering new-style initializer net.fabricmc.fabric.impl.event.interaction.InteractionEventsRouter for mod fabric-events-interaction-v0 (key main)
[12:39:37] [main/DEBUG] (Fabric|Loader) Registering new-style initializer net.fabricmc.fabric.impl.client.rendering.RenderingCallbackInvoker for mod fabric-rendering-v0 (key client)
[12:39:37] [main/DEBUG] (Fabric|Loader) Registering new-style initializer net.fabricmc.fabric.impl.registry.sync.FabricRegistryClientInit for mod fabric-registry-sync-v0 (key client)
[12:39:37] [main/DEBUG] (Fabric|Loader) Registering new-style initializer net.reforge.Reforge for mod modid (key main)
[12:39:37] [main/DEBUG] (FabricLoader) Loading mappings took 131 ms
[12:39:37] [main/DEBUG] (mixin) Mixin bootstrap service org.spongepowered.asm.service.mojang.MixinServiceLaunchWrapperBootstrap is not available: LaunchWrapper is not available
[12:39:37] [main/DEBUG] (mixin) Mixin bootstrap service org.spongepowered.asm.service.modlauncher.MixinServiceModLauncherBootstrap is not available: ModLauncher is not available
[12:39:37] [main/DEBUG] (mixin) MixinService [ModLauncher] is not valid
[12:39:37] [main/DEBUG] (mixin) MixinService [Knot/Fabric] was successfully booted in sun.misc.Launcher$AppClassLoader@2f4d3709
[12:39:37] [main/INFO] (mixin) SpongePowered MIXIN Subsystem Version=0.8 Source=file:/C:/Users/train/.gradle/caches/modules-2/files-2.1/net.fabricmc/sponge-mixin/0.8+build.18/af077ad2845a00cde186fa2c99c4dd32bd2a2766/sponge-mixin-0.8+build.18.jar Service=Knot/Fabric Env=CLIENT
[12:39:37] [main/DEBUG] (mixin) Initialising Mixin Platform Manager
[12:39:37] [main/DEBUG] (mixin) Adding mixin platform agents for container ContainerHandleURI(file:/C:/Users/train/Desktop/Programing/Git/Reforge/.gradle/loom-cache/remapped_mods/fabric-loader-0.8.2+build.194@net.fabricmc.yarn.20w19a.20w19a+build.14-v2.jar)
[12:39:37] [main/DEBUG] (mixin) Instancing new MixinPlatformAgentDefault for ContainerHandleURI(file:/C:/Users/train/Desktop/Programing/Git/Reforge/.gradle/loom-cache/remapped_mods/fabric-loader-0.8.2+build.194@net.fabricmc.yarn.20w19a.20w19a+build.14-v2.jar)
[12:39:37] [main/DEBUG] (mixin) MixinPlatformAgentDefault accepted container ContainerHandleURI(file:/C:/Users/train/Desktop/Programing/Git/Reforge/.gradle/loom-cache/remapped_mods/fabric-loader-0.8.2+build.194@net.fabricmc.yarn.20w19a.20w19a+build.14-v2.jar)
[12:39:37] [main/DEBUG] (mixin) Instancing new MixinPlatformAgentDefault for ContainerHandleURI(file:/C:/Users/train/Desktop/Programing/Git/Reforge/.gradle/loom-cache/remapped_mods/fabric-loader-0.8.2+build.194@net.fabricmc.yarn.20w19a.20w19a+build.14-v2.jar)
[12:39:37] [main/DEBUG] (mixin) MixinPlatformAgentDefault accepted container ContainerHandleURI(file:/C:/Users/train/Desktop/Programing/Git/Reforge/.gradle/loom-cache/remapped_mods/fabric-loader-0.8.2+build.194@net.fabricmc.yarn.20w19a.20w19a+build.14-v2.jar)
[12:39:37] [main/DEBUG] (mixin) Processing prepare() for PlatformAgent[MixinPlatformAgentDefault:ContainerHandleURI(file:/C:/Users/train/Desktop/Programing/Git/Reforge/.gradle/loom-cache/remapped_mods/fabric-loader-0.8.2+build.194@net.fabricmc.yarn.20w19a.20w19a+build.14-v2.jar)]
[12:39:37] [main/DEBUG] (mixin) Processing prepare() for PlatformAgent[MixinPlatformAgentDefault:ContainerHandleURI(file:/C:/Users/train/Desktop/Programing/Git/Reforge/.gradle/loom-cache/remapped_mods/fabric-loader-0.8.2+build.194@net.fabricmc.yarn.20w19a.20w19a+build.14-v2.jar)]
[12:39:38] [main/INFO] (Fabric|MixinBootstrap) Loaded Fabric development mappings for mixin remapper!
[12:39:38] [main/DEBUG] (mixin) Mixin config fabric-networking-v0.mixins.json does not specify "minVersion" property
[12:39:38] [main/DEBUG] (mixin) Mixin config fabric-networking-blockentity-v0.mixins.json does not specify "minVersion" property
[12:39:38] [main/DEBUG] (mixin) Mixin config fabric-biomes-v1.mixins.json does not specify "minVersion" property
[12:39:38] [main/DEBUG] (mixin) Mixin config fabric-containers-v0.mixins.json does not specify "minVersion" property
[12:39:38] [main/DEBUG] (mixin) Mixin config fabric-renderer-indigo.mixins.json does not specify "minVersion" property
[12:39:38] [main/DEBUG] (mixin) Mixin config fabric-rendering-data-attachment-v1.mixins.json does not specify "minVersion" property
[12:39:38] [main/DEBUG] (mixin) Mixin config fabric-events-interaction-v0.mixins.json does not specify "minVersion" property
[12:39:38] [main/DEBUG] (mixin) Mixin config fabric-loot-tables-v1.mixins.json does not specify "minVersion" property
[12:39:38] [main/DEBUG] (mixin) Mixin config fabric-object-builder-v1.mixins.json does not specify "minVersion" property
[12:39:38] [main/DEBUG] (mixin) Mixin config fabric-dimensions-v1.mixins.json does not specify "minVersion" property
[12:39:38] [main/DEBUG] (mixin) Mixin config fabric-renderer-registries-v1.mixins.json does not specify "minVersion" property
[12:39:38] [main/DEBUG] (mixin) Mixin config fabric-textures-v0.mixins.json does not specify "minVersion" property
[12:39:38] [main/DEBUG] (mixin) Mixin config fabric-registry-sync-v0.mixins.json does not specify "minVersion" property
[12:39:38] [main/DEBUG] (mixin) Mixin config fabric-models-v0.mixins.json does not specify "minVersion" property
[12:39:38] [main/DEBUG] (mixin) Mixin config fabric-keybindings-v0.mixins.json does not specify "minVersion" property
[12:39:38] [main/DEBUG] (mixin) Mixin config fabric-blockrenderlayer-v1.mixins.json does not specify "minVersion" property
[12:39:38] [main/DEBUG] (mixin) Mixin config fabric-renderer-api-v1.debughud.mixins.json does not specify "minVersion" property
[12:39:38] [main/DEBUG] (mixin) Mixin config fabric-containers-v0.accurate.mixins.json does not specify "minVersion" property
[12:39:38] [main/DEBUG] (mixin) Mixin config fabric-events-lifecycle-v0.mixins.json does not specify "minVersion" property
[12:39:38] [main/DEBUG] (mixin) Mixin config fabric-rendering-fluids-v1.mixins.json does not specify "minVersion" property
[12:39:38] [main/DEBUG] (mixin) Mixin config fabric-resource-loader-v0.mixins.json does not specify "minVersion" property
[12:39:38] [main/DEBUG] (mixin) Mixin config fabric-particles-v1.mixins.json does not specify "minVersion" property
[12:39:38] [main/DEBUG] (mixin) Mixin config fabric-object-builders-v0.mixins.json does not specify "minVersion" property
[12:39:38] [main/DEBUG] (mixin) Mixin config fabric-tag-extensions-v0.mixins.json does not specify "minVersion" property
[12:39:38] [main/DEBUG] (mixin) Mixin config fabric-tool-attribute-api-v1.mixins.json does not specify "minVersion" property
[12:39:38] [main/DEBUG] (mixin) Mixin config fabric-rendering-v1.mixins.json does not specify "minVersion" property
[12:39:38] [main/DEBUG] (mixin) Mixin config fabric-item-groups-v0.mixins.json does not specify "minVersion" property
[12:39:38] [main/DEBUG] (mixin) Mixin config fabric-content-registries-v0.mixins.json does not specify "minVersion" property
[12:39:38] [main/DEBUG] (mixin) Mixin config fabric-command-api-v1.mixins.json does not specify "minVersion" property
[12:39:38] [main/DEBUG] (mixin) Mixin config fabric-crash-report-info-v1.mixins.json does not specify "minVersion" property
[12:39:38] [main/DEBUG] (mixin) Mixin config fabric-renderer-api-v1.mixins.json does not specify "minVersion" property
[12:39:38] [main/DEBUG] (mixin) Error cleaning class output directory: .mixin.out\class: failed to delete one or more files; see suppressed exceptions for details
[12:39:38] [main/DEBUG] (Fabric|Loader) No subscribers for entrypoint 'preLaunch'
[12:39:38] [main/DEBUG] (mixin) Preparing mixins for MixinEnvironment[DEFAULT]
[12:39:38] [main/DEBUG] (mixin) Selecting config fabric-networking-v0.mixins.json
[12:39:38] [main/INFO] (mixin) Remapping refMap fabric-networking-v0-refmap.json using remapper chain
[12:39:38] [main/DEBUG] (mixin) Selecting config fabric-networking-blockentity-v0.mixins.json
[12:39:38] [main/INFO] (mixin) Remapping refMap fabric-networking-blockentity-v0-refmap.json using remapper chain
[12:39:38] [main/DEBUG] (mixin) Selecting config fabric-biomes-v1.mixins.json
[12:39:38] [main/INFO] (mixin) Remapping refMap fabric-biomes-v1-refmap.json using remapper chain
[12:39:38] [main/DEBUG] (mixin) Selecting config fabric-containers-v0.mixins.json
[12:39:38] [main/INFO] (mixin) Remapping refMap fabric-containers-v0-refmap.json using remapper chain
[12:39:38] [main/DEBUG] (mixin) Selecting config fabric-renderer-indigo.mixins.json
[12:39:38] [main/INFO] (mixin) Remapping refMap fabric-renderer-indigo-refmap.json using remapper chain
[12:39:38] [main/DEBUG] (mixin) Selecting config fabric-rendering-data-attachment-v1.mixins.json
[12:39:38] [main/INFO] (mixin) Remapping refMap fabric-rendering-data-attachment-v1-refmap.json using remapper chain
[12:39:38] [main/DEBUG] (mixin) Selecting config fabric-events-interaction-v0.mixins.json
[12:39:38] [main/INFO] (mixin) Remapping refMap fabric-events-interaction-v0-refmap.json using remapper chain
[12:39:38] [main/DEBUG] (mixin) Selecting config fabric-loot-tables-v1.mixins.json
[12:39:38] [main/INFO] (mixin) Remapping refMap fabric-loot-tables-v1-refmap.json using remapper chain
[12:39:38] [main/DEBUG] (mixin) Selecting config fabric-object-builder-v1.mixins.json
[12:39:38] [main/INFO] (mixin) Remapping refMap fabric-object-builder-api-v1-refmap.json using remapper chain
[12:39:38] [main/DEBUG] (mixin) Selecting config fabric-dimensions-v1.mixins.json
[12:39:38] [main/INFO] (mixin) Remapping refMap fabric-dimensions-v1-refmap.json using remapper chain
[12:39:38] [main/DEBUG] (mixin) Selecting config fabric-renderer-registries-v1.mixins.json
[12:39:38] [main/INFO] (mixin) Remapping refMap fabric-renderer-registries-v1-refmap.json using remapper chain
[12:39:38] [main/DEBUG] (mixin) Selecting config fabric-textures-v0.mixins.json
[12:39:38] [main/INFO] (mixin) Remapping refMap fabric-textures-v0-refmap.json using remapper chain
[12:39:38] [main/DEBUG] (mixin) Selecting config fabric-registry-sync-v0.mixins.json
[12:39:38] [main/INFO] (mixin) Remapping refMap fabric-registry-sync-v0-refmap.json using remapper chain
[12:39:38] [main/DEBUG] (mixin) Selecting config fabric-models-v0.mixins.json
[12:39:38] [main/INFO] (mixin) Remapping refMap fabric-models-v0-refmap.json using remapper chain
[12:39:38] [main/DEBUG] (mixin) Selecting config fabric-keybindings-v0.mixins.json
[12:39:38] [main/INFO] (mixin) Remapping refMap fabric-keybindings-v0-refmap.json using remapper chain
[12:39:38] [main/DEBUG] (mixin) Selecting config reforge.mixins.json
[12:39:38] [main/DEBUG] (mixin) Selecting config fabric-blockrenderlayer-v1.mixins.json
[12:39:38] [main/INFO] (mixin) Remapping refMap fabric-blockrenderlayer-v1-refmap.json using remapper chain
[12:39:38] [main/DEBUG] (mixin) Selecting config fabric-renderer-api-v1.debughud.mixins.json
[12:39:38] [main/INFO] (mixin) Remapping refMap fabric-renderer-api-v1-refmap.json using remapper chain
[12:39:38] [main/DEBUG] (mixin) Selecting config fabric-containers-v0.accurate.mixins.json
[12:39:38] [main/INFO] (mixin) Remapping refMap fabric-containers-v0-refmap.json using remapper chain
[12:39:38] [main/DEBUG] (mixin) Selecting config fabric-events-lifecycle-v0.mixins.json
[12:39:38] [main/INFO] (mixin) Remapping refMap fabric-events-lifecycle-v0-refmap.json using remapper chain
[12:39:38] [main/DEBUG] (mixin) Selecting config fabric-rendering-fluids-v1.mixins.json
[12:39:38] [main/INFO] (mixin) Remapping refMap fabric-rendering-fluids-v1-refmap.json using remapper chain
[12:39:38] [main/DEBUG] (mixin) Selecting config fabric-resource-loader-v0.mixins.json
[12:39:38] [main/INFO] (mixin) Remapping refMap fabric-resource-loader-v0-refmap.json using remapper chain
[12:39:38] [main/DEBUG] (mixin) Selecting config fabric-particles-v1.mixins.json
[12:39:38] [main/INFO] (mixin) Remapping refMap fabric-particles-v1-refmap.json using remapper chain
[12:39:38] [main/DEBUG] (mixin) Selecting config fabric-object-builders-v0.mixins.json
[12:39:38] [main/INFO] (mixin) Remapping refMap fabric-object-builders-refmap.json using remapper chain
[12:39:38] [main/DEBUG] (mixin) Selecting config fabric-tag-extensions-v0.mixins.json
[12:39:38] [main/INFO] (mixin) Remapping refMap fabric-tag-extensions-v0-refmap.json using remapper chain
[12:39:38] [main/DEBUG] (mixin) Selecting config fabric-tool-attribute-api-v1.mixins.json
[12:39:38] [main/INFO] (mixin) Remapping refMap fabric-tool-attribute-api-v1-refmap.json using remapper chain
[12:39:38] [main/DEBUG] (mixin) Selecting config fabric-rendering-v1.mixins.json
[12:39:38] [main/INFO] (mixin) Remapping refMap fabric-rendering-v1-refmap.json using remapper chain
[12:39:38] [main/DEBUG] (mixin) Selecting config fabric-item-groups-v0.mixins.json
[12:39:38] [main/INFO] (mixin) Remapping refMap fabric-item-groups-v0-refmap.json using remapper chain
[12:39:38] [main/DEBUG] (mixin) Selecting config fabric-content-registries-v0.mixins.json
[12:39:38] [main/INFO] (mixin) Remapping refMap fabric-content-registries-v0-refmap.json using remapper chain
[12:39:38] [main/DEBUG] (mixin) Selecting config fabric-command-api-v1.mixins.json
[12:39:38] [main/INFO] (mixin) Remapping refMap fabric-command-api-v1-refmap.json using remapper chain
[12:39:38] [main/DEBUG] (mixin) Selecting config fabric-crash-report-info-v1.mixins.json
[12:39:38] [main/INFO] (mixin) Remapping refMap fabric-crash-report-info-v1-refmap.json using remapper chain
[12:39:38] [main/DEBUG] (mixin) Selecting config fabric-renderer-api-v1.mixins.json
[12:39:38] [main/INFO] (mixin) Remapping refMap fabric-renderer-api-v1-refmap.json using remapper chain
[12:39:38] [main/DEBUG] (mixin) Preparing fabric-networking-v0.mixins.json (7)
[12:39:38] [main/DEBUG] (mixin) Preparing fabric-networking-blockentity-v0.mixins.json (2)
[12:39:38] [main/DEBUG] (mixin) Preparing fabric-biomes-v1.mixins.json (7)
[12:39:38] [main/DEBUG] (mixin) Preparing fabric-containers-v0.mixins.json (1)
[12:39:38] [main/DEBUG] (mixin) Preparing fabric-renderer-indigo.mixins.json (7)
[12:39:38] [main/DEBUG] (mixin) Preparing fabric-rendering-data-attachment-v1.mixins.json (3)
[12:39:38] [main/DEBUG] (mixin) Preparing fabric-events-interaction-v0.mixins.json (5)
[12:39:38] [main/DEBUG] (mixin) Preparing fabric-loot-tables-v1.mixins.json (5)
[12:39:38] [main/DEBUG] (mixin) Preparing fabric-object-builder-v1.mixins.json (9)
[12:39:38] [main/DEBUG] (mixin) Preparing fabric-dimensions-v1.mixins.json (9)
[12:39:38] [main/DEBUG] (mixin) Preparing fabric-renderer-registries-v1.mixins.json (2)
[12:39:38] [main/DEBUG] (mixin) Preparing fabric-textures-v0.mixins.json (1)
[12:39:38] [main/DEBUG] (mixin) Preparing fabric-registry-sync-v0.mixins.json (10)
[12:39:38] [main/DEBUG] (mixin) Preparing fabric-models-v0.mixins.json (1)
[12:39:38] [main/DEBUG] (mixin) Preparing fabric-keybindings-v0.mixins.json (3)
[12:39:38] [main/DEBUG] (mixin) Preparing reforge.mixins.json (1)
[12:39:38] [main/DEBUG] (mixin) Preparing fabric-blockrenderlayer-v1.mixins.json (1)
[12:39:38] [main/DEBUG] (mixin) Preparing fabric-renderer-api-v1.debughud.mixins.json (1)
[12:39:38] [main/DEBUG] (mixin) Preparing fabric-containers-v0.accurate.mixins.json (1)
[12:39:38] [main/DEBUG] (mixin) Preparing fabric-events-lifecycle-v0.mixins.json (4)
[12:39:38] [main/DEBUG] (mixin) Preparing fabric-rendering-fluids-v1.mixins.json (1)
[12:39:38] [main/DEBUG] (mixin) Preparing fabric-resource-loader-v0.mixins.json (7)
[12:39:38] [main/DEBUG] (mixin) Preparing fabric-particles-v1.mixins.json (1)
[12:39:38] [main/DEBUG] (mixin) Preparing fabric-object-builders-v0.mixins.json (2)
[12:39:38] [main/DEBUG] (mixin) Preparing fabric-tag-extensions-v0.mixins.json (2)
[12:39:38] [main/DEBUG] (mixin) Preparing fabric-tool-attribute-api-v1.mixins.json (3)
[12:39:38] [main/DEBUG] (mixin) Preparing fabric-rendering-v1.mixins.json (5)
[12:39:38] [main/DEBUG] (mixin) Preparing fabric-item-groups-v0.mixins.json (3)
[12:39:38] [main/DEBUG] (mixin) Preparing fabric-content-registries-v0.mixins.json (2)
[12:39:38] [main/DEBUG] (mixin) Preparing fabric-command-api-v1.mixins.json (2)
[12:39:38] [main/DEBUG] (mixin) Preparing fabric-crash-report-info-v1.mixins.json (1)
[12:39:38] [main/DEBUG] (mixin) Preparing fabric-renderer-api-v1.mixins.json (2)
[12:39:38] [main/DEBUG] (mixin) Registering new injector for @Inject with org.spongepowered.asm.mixin.injection.struct.CallbackInjectionInfo
[12:39:38] [main/DEBUG] (mixin) Registering new injector for @ModifyArg with org.spongepowered.asm.mixin.injection.struct.ModifyArgInjectionInfo
[12:39:38] [main/DEBUG] (mixin) Registering new injector for @ModifyArgs with org.spongepowered.asm.mixin.injection.struct.ModifyArgsInjectionInfo
[12:39:38] [main/DEBUG] (mixin) Registering new injector for @Redirect with org.spongepowered.asm.mixin.injection.struct.RedirectInjectionInfo
[12:39:38] [main/DEBUG] (mixin) Registering new injector for @ModifyVariable with org.spongepowered.asm.mixin.injection.struct.ModifyVariableInjectionInfo
[12:39:38] [main/DEBUG] (mixin) Registering new injector for @ModifyConstant with org.spongepowered.asm.mixin.injection.struct.ModifyConstantInjectionInfo
[12:39:38] [main/DEBUG] (mixin) Prepared 111 mixins in 0.408 sec (3.7ms avg) (0ms load, 0ms transform, 0ms plugin)
[12:39:38] [main/DEBUG] (mixin) Mixing MixinLivingEntity from fabric-tool-attribute-api-v1.mixins.json into net.minecraft.entity.LivingEntity
[12:39:39] [main/DEBUG] (mixin) Mixing EntityHooks from fabric-dimensions-v1.mixins.json into net.minecraft.entity.Entity
[12:39:39] [main/DEBUG] (mixin) Mixing MixinEntity from fabric-dimensions-v1.mixins.json into net.minecraft.entity.Entity
[12:39:39] [main/DEBUG] (mixin) Mixing MixinWorld from fabric-dimensions-v1.mixins.json into net.minecraft.world.World
[12:39:39] [main/DEBUG] (mixin) Mixing MixinWorld from fabric-events-lifecycle-v0.mixins.json into net.minecraft.world.World
[12:39:39] [main/DEBUG] (mixin) Mixing MixinViewableWorld from fabric-rendering-data-attachment-v1.mixins.json into net.minecraft.world.WorldView
[12:39:39] [main/DEBUG] (mixin) Mixing MixinCrashReport from fabric-crash-report-info-v1.mixins.json into net.minecraft.util.crash.CrashReport
[12:39:39] [main/DEBUG] (mixin) Renaming synthetic method lambda$fillSystemDetails$0()Ljava/lang/String; to md0fc509$lambda$fillSystemDetails$0$0 in fabric-crash-report-info-v1.mixins.json:MixinCrashReport
[12:39:39] [main/DEBUG] (mixin) Mixing MixinMinecraftClient from fabric-networking-v0.mixins.json into net.minecraft.client.MinecraftClient
[12:39:39] [main/DEBUG] (mixin) Mixing MixinMinecraftClient from fabric-events-interaction-v0.mixins.json into net.minecraft.client.MinecraftClient
[12:39:39] [main/DEBUG] (mixin) Mixing client.MixinMinecraftClient from fabric-registry-sync-v0.mixins.json into net.minecraft.client.MinecraftClient
[12:39:39] [main/DEBUG] (mixin) Mixing MixinMinecraftClient from fabric-events-lifecycle-v0.mixins.json into net.minecraft.client.MinecraftClient
[12:39:39] [main/DEBUG] (mixin) Mixing MixinMinecraftGame from fabric-resource-loader-v0.mixins.json into net.minecraft.client.MinecraftClient
[12:39:39] [main/DEBUG] (mixin) Mixing ExampleMixin from reforge.mixins.json into net.minecraft.client.gui.screen.TitleScreen
[12:39:39] [main/DEBUG] (mixin) Mixing MixinDefaultResourcePack from fabric-resource-loader-v0.mixins.json into net.minecraft.resource.DefaultResourcePack
[12:39:39] [main/INFO] (com.mojang.authlib.yggdrasil.YggdrasilAuthenticationService) Environment: authHost='https://authserver.mojang.com', accountsHost='https://api.mojang.com', sessionHost='https://sessionserver.mojang.com', name='PROD'
[12:39:39] [main/INFO] (net.minecraft.client.MinecraftClient) Setting user: Player785
[12:39:39] [main/DEBUG] (mixin) Mixing MixinBootstrap from fabric-registry-sync-v0.mixins.json into net.minecraft.Bootstrap
[12:39:39] [main/DEBUG] (mixin) Renaming synthetic method lambda$initialize$1(Lnet/minecraft/fluid/Fluid;)Ljava/util/Collection; to md0fc509$lambda$initialize$1$0 in fabric-registry-sync-v0.mixins.json:MixinBootstrap
[12:39:39] [main/DEBUG] (mixin) Renaming synthetic method lambda$initialize$0(Lnet/minecraft/block/Block;)Ljava/util/Collection; to md0fc509$lambda$initialize$0$1 in fabric-registry-sync-v0.mixins.json:MixinBootstrap
[12:39:39] [main/DEBUG] (mixin) Mixing MixinIdRegistry from fabric-registry-sync-v0.mixins.json into net.minecraft.util.registry.SimpleRegistry
[12:39:39] [main/DEBUG] (mixin) Renaming synthetic method lambda$new$5([Lnet/fabricmc/fabric/api/event/registry/RegistryIdRemapCallback;)Lnet/fabricmc/fabric/api/event/registry/RegistryIdRemapCallback; to md0fc509$lambda$new$5$0 in fabric-registry-sync-v0.mixins.json:MixinIdRegistry
[12:39:39] [main/DEBUG] (mixin) Renaming synthetic method lambda$null$4([Lnet/fabricmc/fabric/api/event/registry/RegistryIdRemapCallback;Lnet/fabricmc/fabric/api/event/registry/RegistryIdRemapCallback$RemapState;)V to md0fc509$lambda$null$4$1 in fabric-registry-sync-v0.mixins.json:MixinIdRegistry
[12:39:39] [main/DEBUG] (mixin) Renaming synthetic method lambda$new$3([Lnet/fabricmc/fabric/api/event/registry/RegistryEntryRemovedCallback;)Lnet/fabricmc/fabric/api/event/registry/RegistryEntryRemovedCallback; to md0fc509$lambda$new$3$2 in fabric-registry-sync-v0.mixins.json:MixinIdRegistry
[12:39:39] [main/DEBUG] (mixin) Renaming synthetic method lambda$null$2([Lnet/fabricmc/fabric/api/event/registry/RegistryEntryRemovedCallback;ILnet/minecraft/util/Identifier;Ljava/lang/Object;)V to md0fc509$lambda$null$2$3 in fabric-registry-sync-v0.mixins.json:MixinIdRegistry
[12:39:39] [main/DEBUG] (mixin) Renaming synthetic method lambda$new$1([Lnet/fabricmc/fabric/api/event/registry/RegistryEntryAddedCallback;)Lnet/fabricmc/fabric/api/event/registry/RegistryEntryAddedCallback; to md0fc509$lambda$new$1$4 in fabric-registry-sync-v0.mixins.json:MixinIdRegistry
[12:39:39] [main/DEBUG] (mixin) Renaming synthetic method lambda$null$0([Lnet/fabricmc/fabric/api/event/registry/RegistryEntryAddedCallback;ILnet/minecraft/util/Identifier;Ljava/lang/Object;)V to md0fc509$lambda$null$0$5 in fabric-registry-sync-v0.mixins.json:MixinIdRegistry
[12:39:39] [main/DEBUG] (mixin) Mixing MixinBlock from fabric-object-builder-v1.mixins.json into net.minecraft.block.Block
[12:39:39] [main/DEBUG] (mixin) Mixing OldMixinBlock from fabric-object-builders-v0.mixins.json into net.minecraft.block.Block
[12:39:39] [main/DEBUG] (mixin) Mixing AbstractBlockAccessor from fabric-object-builder-v1.mixins.json into net.minecraft.block.AbstractBlock
[12:39:39] [main/DEBUG] (mixin) Mixing OldMixinItem from fabric-object-builders-v0.mixins.json into net.minecraft.item.Item
[12:39:39] [main/DEBUG] (mixin) Mixing idremap.MixinDimensionRawIndexFix from fabric-dimensions-v1.mixins.json into net.minecraft.world.dimension.DimensionType
[12:39:40] [main/DEBUG] (mixin) Mixing MixinIdList from fabric-registry-sync-v0.mixins.json into net.minecraft.util.collection.IdList
[12:39:40] [main/DEBUG] (mixin) Renaming synthetic method lambda$fabric_remapIds$0(Lit/unimi/dsi/fastutil/ints/Int2IntMap;Ljava/lang/Object;Ljava/lang/Integer;)Ljava/lang/Integer; to md0fc509$lambda$fabric_remapIds$0$0 in fabric-registry-sync-v0.mixins.json:MixinIdList
[12:39:40] [main/DEBUG] (mixin) Mixing MixinFireBlock from fabric-content-registries-v0.mixins.json into net.minecraft.block.FireBlock
[12:39:40] [main/DEBUG] (mixin) Mixing MaterialBuilderAccessor from fabric-object-builder-v1.mixins.json into net.minecraft.block.Material$Builder
[12:39:40] [main/DEBUG] (mixin) Mixing AbstractBlockSettingsAccessor from fabric-object-builder-v1.mixins.json into net.minecraft.block.AbstractBlock$Settings
[12:39:40] [main/DEBUG] (mixin) Mixing AbstractBlockSettingsMixin from fabric-object-builder-v1.mixins.json into net.minecraft.block.AbstractBlock$Settings
[12:39:40] [main/DEBUG] (mixin) Mixing MixinBlockEntity from fabric-networking-blockentity-v0.mixins.json into net.minecraft.block.entity.BlockEntity
[12:39:40] [main/DEBUG] (mixin) Mixing MixinBlockEntity from fabric-rendering-data-attachment-v1.mixins.json into net.minecraft.block.entity.BlockEntity
[12:39:40] [main/DEBUG] (mixin) Mixing MixinAbstractFurnaceBlockEntity from fabric-content-registries-v0.mixins.json into net.minecraft.block.entity.AbstractFurnaceBlockEntity
[12:39:42] [main/DEBUG] (mixin) Mixing ServerPlayerEntityAccessor from fabric-containers-v0.mixins.json into net.minecraft.server.network.ServerPlayerEntity
[12:39:42] [main/DEBUG] (mixin) Mixing MixinServerPlayerEntity from fabric-events-interaction-v0.mixins.json into net.minecraft.server.network.ServerPlayerEntity
[12:39:42] [main/DEBUG] (mixin) Mixing MixinServerPlayerEntity from fabric-containers-v0.accurate.mixins.json into net.minecraft.server.network.ServerPlayerEntity
[12:39:42] [main/DEBUG] (mixin) Mixing MixinItemGroup from fabric-item-groups-v0.mixins.json into net.minecraft.item.ItemGroup
[12:39:42] [main/DEBUG] (mixin) Mixing client.MixinItemGroup from fabric-item-groups-v0.mixins.json into net.minecraft.item.ItemGroup
[12:39:42] [main/DEBUG] (mixin) Mixing MixinItemStack from fabric-events-lifecycle-v0.mixins.json into net.minecraft.item.ItemStack
[12:39:42] [main/DEBUG] (mixin) Mixing MixinItemStack from fabric-tool-attribute-api-v1.mixins.json into net.minecraft.item.ItemStack
[12:39:43] [main/DEBUG] (mixin) Mixing MixinBiomeSource from fabric-biomes-v1.mixins.json into net.minecraft.world.biome.source.BiomeSource
[12:39:43] [main/DEBUG] (mixin) Mixing MixinVanillaLayeredBiomeSource from fabric-biomes-v1.mixins.json into net.minecraft.world.biome.source.VanillaLayeredBiomeSource
[12:39:43] [main/DEBUG] (mixin) Mixing MixinTheNetherDimension from fabric-biomes-v1.mixins.json into net.minecraft.world.dimension.TheNetherDimension
[12:39:43] [main/DEBUG] (mixin) Mixing MixinPlayerInventory from fabric-tool-attribute-api-v1.mixins.json into net.minecraft.entity.player.PlayerInventory
[12:39:43] [main/DEBUG] (mixin) Mixing DefaultAttributeRegistryAccessor from fabric-object-builder-v1.mixins.json into net.minecraft.entity.attribute.DefaultAttributeRegistry
[12:39:43] [main/DEBUG] (mixin) Renaming @Accessor method getRegistry()Ljava/util/Map; to getRegistry_$md$0fc509$0 in fabric-object-builder-v1.mixins.json:DefaultAttributeRegistryAccessor
[12:39:43] [main/DEBUG] (mixin) Mixing DefaultAttributeRegistryMixin from fabric-object-builder-v1.mixins.json into net.minecraft.entity.attribute.DefaultAttributeRegistry
[12:39:43] [main/DEBUG] (mixin) Mixing MixinKeyBinding from fabric-keybindings-v0.mixins.json into net.minecraft.client.options.KeyBinding
[12:39:43] [main/DEBUG] (mixin) Mixing KeyCodeAccessor from fabric-keybindings-v0.mixins.json into net.minecraft.client.options.KeyBinding
[12:39:43] [main/DEBUG] (Fabric|Loader) Iterating over entrypoint 'main'
[12:39:43] [main/DEBUG] (Fabric|Loader) Iterating over entrypoint 'client'
[12:39:43] [main/INFO] (net.fabricmc.fabric.impl.client.indigo.Indigo) [Indigo] Registering Indigo renderer!
[12:39:43] [main/DEBUG] (mixin) Mixing MixinSpriteAtlasTexture from fabric-textures-v0.mixins.json into net.minecraft.client.texture.SpriteAtlasTexture
[12:39:43] [main/DEBUG] (mixin) Mixing client.MixinSpriteAtlasTexture from fabric-renderer-api-v1.mixins.json into net.minecraft.client.texture.SpriteAtlasTexture
[12:39:44] [main/DEBUG] (mixin) Mixing MixinItemRenderer from fabric-renderer-indigo.mixins.json into net.minecraft.client.render.item.ItemRenderer
[12:39:44] [main/DEBUG] (mixin) Renaming synthetic method lambda$new$0()Lnet/fabricmc/fabric/impl/client/indigo/renderer/render/ItemRenderContext; to md0fc509$lambda$new$0$0 in fabric-renderer-indigo.mixins.json:MixinItemRenderer
[12:39:44] [main/DEBUG] (mixin) Mixing MixinKeyedResourceReloadListener$Client from fabric-resource-loader-v0.mixins.json into net.minecraft.client.render.item.ItemRenderer
[12:39:44] [main/DEBUG] (mixin) Mixing MixinGameOptions from fabric-keybindings-v0.mixins.json into net.minecraft.client.options.GameOptions
[12:39:44] [main/INFO] (net.minecraft.client.MinecraftClient) Backend library: LWJGL version 3.2.2 build 10
[12:39:58] [main/DEBUG] (mixin) Mixing MixinReloadableResourceManagerImpl from fabric-resource-loader-v0.mixins.json into net.minecraft.resource.ReloadableResourceManagerImpl
[12:39:58] [main/DEBUG] (mixin) Mixing MixinKeyedResourceReloadListener$Client from fabric-resource-loader-v0.mixins.json into net.minecraft.client.resource.language.LanguageManager
[12:39:58] [main/DEBUG] (mixin) Mixing MixinKeyedResourceReloadListener$Client from fabric-resource-loader-v0.mixins.json into net.minecraft.client.texture.TextureManager
[12:39:58] [main/DEBUG] (mixin) Mixing idremap.MixinLevelStorage from fabric-dimensions-v1.mixins.json into net.minecraft.world.level.storage.LevelStorage
[12:39:58] [main/DEBUG] (mixin) Mixing MixinKeyedResourceReloadListener$Client from fabric-resource-loader-v0.mixins.json into net.minecraft.client.sound.SoundLoader
[12:39:58] [main/DEBUG] (mixin) Mixing MixinKeyedResourceReloadListener$Client from fabric-resource-loader-v0.mixins.json into net.minecraft.client.font.FontManager
[12:39:58] [main/DEBUG] (mixin) Mixing client.MixinBlockColorMap from fabric-registry-sync-v0.mixins.json into net.minecraft.client.color.block.BlockColors
[12:39:58] [main/DEBUG] (mixin) Mixing MixinBlockColorMap from fabric-rendering-v1.mixins.json into net.minecraft.client.color.block.BlockColors
[12:39:58] [main/DEBUG] (mixin) Mixing client.MixinItemColorMap from fabric-registry-sync-v0.mixins.json into net.minecraft.client.color.item.ItemColors
[12:39:58] [main/DEBUG] (mixin) Mixing MixinItemColorMap from fabric-rendering-v1.mixins.json into net.minecraft.client.color.item.ItemColors
[12:39:58] [main/DEBUG] (mixin) Mixing MixinKeyedResourceReloadListener$Client from fabric-resource-loader-v0.mixins.json into net.minecraft.client.render.model.BakedModelManager
[12:39:58] [main/DEBUG] (mixin) Mixing client.MixinItemModelMap from fabric-registry-sync-v0.mixins.json into net.minecraft.client.render.item.ItemModels
[12:39:58] [main/DEBUG] (mixin) Mixing MixinEntityRenderDispatcher from fabric-renderer-registries-v1.mixins.json into net.minecraft.client.render.entity.EntityRenderDispatcher
[12:39:58] [main/DEBUG] (mixin) Mixing MixinModelLoader from fabric-models-v0.mixins.json into net.minecraft.client.render.model.ModelLoader
[12:39:58] [main/DEBUG] (mixin) Mixing client.MixinBakedModel from fabric-renderer-api-v1.mixins.json into net.minecraft.client.render.model.BakedModel
[12:39:58] [main/DEBUG] (mixin) Mixing MixinKeyedResourceReloadListener$Client from fabric-resource-loader-v0.mixins.json into net.minecraft.client.render.block.BlockRenderManager
[12:39:58] [main/DEBUG] (mixin) Mixing MixinBlockModelRenderer from fabric-renderer-indigo.mixins.json into net.minecraft.client.render.block.BlockModelRenderer
[12:39:58] [main/DEBUG] (mixin) Mixing MixinAmbientOcclusionCalculator from fabric-renderer-indigo.mixins.json into net.minecraft.client.render.block.BlockModelRenderer$AmbientOcclusionCalculator
[12:39:58] [main/DEBUG] (mixin) Mixing MixinFluidRenderer from fabric-rendering-fluids-v1.mixins.json into net.minecraft.client.render.block.FluidRenderer
[12:39:58] [main/DEBUG] (mixin) Mixing MixinKeyedResourceReloadListener$Client from fabric-resource-loader-v0.mixins.json into net.minecraft.client.render.WorldRenderer
[12:39:58] [main/DEBUG] (mixin) Mixing MixinWorldRenderer from fabric-rendering-v1.mixins.json into net.minecraft.client.render.WorldRenderer
[12:39:59] [main/DEBUG] (mixin) Mixing MixinTagImpl from fabric-tag-extensions-v0.mixins.json into net.minecraft.tag.Tag$1
[12:39:59] [main/DEBUG] (mixin) Mixing MixinTagImpl from fabric-tag-extensions-v0.mixins.json into net.minecraft.tag.GlobalTagAccessor$CachedTag
[12:39:59] [main/DEBUG] (mixin) Mixing client.MixinParticleManager from fabric-registry-sync-v0.mixins.json into net.minecraft.client.particle.ParticleManager
[12:39:59] [main/DEBUG] (mixin) Mixing MixinParticleManager from fabric-particles-v1.mixins.json into net.minecraft.client.particle.ParticleManager
[12:39:59] [main/DEBUG] (mixin) Mixing MixinInGameHud from fabric-rendering-v1.mixins.json into net.minecraft.client.gui.hud.InGameHud
[12:39:59] [main/DEBUG] (mixin) Mixing client.MixinDebugHud from fabric-renderer-api-v1.debughud.mixins.json into net.minecraft.client.gui.hud.DebugHud
[12:39:59] [main/INFO] (com.mojang.text2speech.NarratorWindows) Narrator library for x64 successfully loaded
[12:39:59] [main/INFO] (net.minecraft.util.logging.PrintStreamLogger) [STDOUT]: This line is printed by an Crafting Spawn mixin!
[12:39:59] [main/INFO] (net.minecraft.resource.ReloadableResourceManagerImpl) Reloading ResourceManager: Default, Fabric Renderer API (v1), Fabric Networking Block Entity (v0), Fabric Key Bindings (v0), Fabric Tool Attribute API (v1), Fabric Renderer - Indigo, Fabric Containers (v0), Fabric Object Builder API (v1), Fabric Biomes (v1), Fabric Crash Report Info (v1), Fabric Events Interaction (v0), Fabric API Base, Fabric Rendering (v0), Fabric Rendering (v1), Fabric Rendering Data Attachment (v1), Fabric Resource Loader (v0), Fabric Textures (v0), Fabric Content Registries (v0), Fabric Tag Extensions (v0), Fabric Rendering Fluids (v1), Fabric Registry Sync (v0), Reforge, Fabric BlockRenderLayer Registration (v1), Fabric Mining Levels (v0), Fabric Renderer Registries (v1), Fabric Events Lifecycle (v0), Fabric Loot Tables (v1), Fabric API, Fabric Models (v0), Fabric Item Groups (v0), Fabric Object Builders (v0), Fabric Networking (v0)
[12:40:04] [Realms Notification Availability checker #1/INFO] (com.mojang.realmsclient.client.RealmsClient) Could not authorize you against Realms server: Invalid session id
[12:40:05] [Worker-1/WARN] (net.minecraft.client.render.model.ModelLoader) Unable to load model: 'reforge:netherite_elytra#inventory' referenced from: reforge:netherite_elytra#inventory: java.io.FileNotFoundException: reforge:models/item/netherite_elytra.json
[12:40:07] [main/INFO] (net.minecraft.client.sound.SoundEngine) OpenAL initialized.
[12:40:07] [main/INFO] (net.minecraft.client.sound.SoundSystem) Sound engine started
[12:40:08] [main/INFO] (net.minecraft.client.texture.SpriteAtlasTexture) Created: 1024x1024x4 minecraft:textures/atlas/blocks.png-atlas
[12:40:08] [main/INFO] (net.minecraft.client.texture.SpriteAtlasTexture) Created: 256x128x4 minecraft:textures/atlas/signs.png-atlas
[12:40:08] [main/INFO] (net.minecraft.client.texture.SpriteAtlasTexture) Created: 1024x512x4 minecraft:textures/atlas/banner_patterns.png-atlas
[12:40:08] [main/INFO] (net.minecraft.client.texture.SpriteAtlasTexture) Created: 1024x512x4 minecraft:textures/atlas/shield_patterns.png-atlas
[12:40:08] [main/INFO] (net.minecraft.client.texture.SpriteAtlasTexture) Created: 256x256x4 minecraft:textures/atlas/chest.png-atlas
[12:40:08] [main/INFO] (net.minecraft.client.texture.SpriteAtlasTexture) Created: 512x256x4 minecraft:textures/atlas/beds.png-atlas
[12:40:08] [main/INFO] (net.minecraft.client.texture.SpriteAtlasTexture) Created: 512x256x4 minecraft:textures/atlas/shulker_boxes.png-atlas
[12:40:08] [main/INFO] (net.minecraft.client.texture.SpriteAtlasTexture) Created: 256x256x0 minecraft:textures/atlas/particles.png-atlas
[12:40:08] [main/INFO] (net.minecraft.client.texture.SpriteAtlasTexture) Created: 256x256x0 minecraft:textures/atlas/paintings.png-atlas
[12:40:08] [main/INFO] (net.minecraft.client.texture.SpriteAtlasTexture) Created: 256x128x0 minecraft:textures/atlas/mob_effects.png-atlas
[12:40:08] [main/INFO] (net.minecraft.util.logging.PrintStreamLogger) [STDOUT]: This line is printed by an Crafting Spawn mixin!
[12:47:21] [main/DEBUG] (mixin) Mixing idremap.MixinLevelProperties from fabric-dimensions-v1.mixins.json into net.minecraft.world.level.LevelProperties
[12:47:21] [main/DEBUG] (mixin) Mixing MixinMinecraftServer from fabric-events-lifecycle-v0.mixins.json into net.minecraft.server.MinecraftServer
[12:47:21] [main/DEBUG] (mixin) Mixing MixinMinecraftServer from fabric-resource-loader-v0.mixins.json into net.minecraft.server.MinecraftServer
[12:47:22] [main/DEBUG] (mixin) Mixing MixinBlockEntityRenderDispatcher from fabric-renderer-registries-v1.mixins.json into net.minecraft.client.render.block.entity.BlockEntityRenderDispatcher
[12:47:22] [main/DEBUG] (mixin) Renaming synthetic method lambda$init$0(Lnet/minecraft/block/entity/BlockEntityType;Ljava/util/function/Function;)V to md0fc509$lambda$init$0$0 in fabric-renderer-registries-v1.mixins.json:MixinBlockEntityRenderDispatcher
[12:47:22] [main/DEBUG] (mixin) Mixing MixinLevelStorageSession from fabric-registry-sync-v0.mixins.json into net.minecraft.world.level.storage.LevelStorage$Session
[12:47:22] [main/DEBUG] (FabricRegistrySync) Reading registry data from C:\Users\train\Desktop\Programing\Git\Reforge\run\.\saves\New World\data\fabricRegistry.dat
[12:47:22] [main/WARN] (net.minecraft.util.registry.SimpleRegistry) Adding reforge:netherite_elytra to saved/remote registry.
[12:47:22] [main/WARN] (net.minecraft.util.registry.SimpleRegistry) reforge:netherriteelytra missing from registry, but requested!
[12:47:22] [main/INFO] (FabricRegistrySync) [fabric-registry-sync] Loaded registry data [file 1/4]
[12:47:22] [main/INFO] (com.mojang.authlib.yggdrasil.YggdrasilAuthenticationService) Environment: authHost='https://authserver.mojang.com', accountsHost='https://api.mojang.com', sessionHost='https://sessionserver.mojang.com', name='PROD'
[12:47:22] [main/DEBUG] (mixin) Mixing MixinPlayerManager from fabric-networking-v0.mixins.json into net.minecraft.server.PlayerManager
[12:47:22] [main/DEBUG] (mixin) Mixing idremap.MixinPlayerManager from fabric-dimensions-v1.mixins.json into net.minecraft.server.PlayerManager
[12:47:22] [main/DEBUG] (mixin) Mixing MixinPlayerManager from fabric-registry-sync-v0.mixins.json into net.minecraft.server.PlayerManager
[12:47:22] [main/DEBUG] (mixin) Mixing MixinCommandManager from fabric-command-api-v1.mixins.json into net.minecraft.server.command.CommandManager
[12:47:23] [main/WARN] (net.minecraft.server.command.CommandManager) Ambiguity between arguments [teleport, destination] and [teleport, targets] with inputs: [Player, 0123, @e, dd12be42-52a9-4a91-a8a1-11c01849e498]
[12:47:23] [main/WARN] (net.minecraft.server.command.CommandManager) Ambiguity between arguments [teleport, location] and [teleport, destination] with inputs: [0.1 -0.5 .9, 0 0 0]
[12:47:23] [main/WARN] (net.minecraft.server.command.CommandManager) Ambiguity between arguments [teleport, location] and [teleport, targets] with inputs: [0.1 -0.5 .9, 0 0 0]
[12:47:23] [main/WARN] (net.minecraft.server.command.CommandManager) Ambiguity between arguments [teleport, targets] and [teleport, destination] with inputs: [Player, 0123, dd12be42-52a9-4a91-a8a1-11c01849e498]
[12:47:23] [main/WARN] (net.minecraft.server.command.CommandManager) Ambiguity between arguments [teleport, targets, location] and [teleport, targets, destination] with inputs: [0.1 -0.5 .9, 0 0 0]
[12:47:23] [main/DEBUG] (mixin) Mixing MixinKeyedResourceReloadListener$Server from fabric-resource-loader-v0.mixins.json into net.minecraft.recipe.RecipeManager
[12:47:23] [main/DEBUG] (mixin) Mixing MixinKeyedResourceReloadListener$Server from fabric-resource-loader-v0.mixins.json into net.minecraft.tag.RegistryTagManager
[12:47:23] [main/DEBUG] (mixin) Mixing MixinLootManager from fabric-loot-tables-v1.mixins.json into net.minecraft.loot.LootManager
[12:47:23] [main/DEBUG] (mixin) Renaming synthetic method lambda$apply$2(Lnet/minecraft/resource/ResourceManager;Ljava/util/Map;Lnet/minecraft/util/Identifier;Lnet/minecraft/loot/LootTable;)V to md0fc509$lambda$apply$2$0 in fabric-loot-tables-v1.mixins.json:MixinLootManager
[12:47:23] [main/DEBUG] (mixin) Renaming synthetic method lambda$null$1(Lnet/fabricmc/fabric/api/loot/v1/FabricLootSupplierBuilder;Lnet/minecraft/util/Identifier;)Lnet/minecraft/loot/LootTable; to md0fc509$lambda$null$1$1 in fabric-loot-tables-v1.mixins.json:MixinLootManager
[12:47:23] [main/DEBUG] (mixin) Renaming synthetic method lambda$null$0(Ljava/util/Map;Lnet/minecraft/util/Identifier;Lnet/minecraft/loot/LootTable;)V to md0fc509$lambda$null$0$2 in fabric-loot-tables-v1.mixins.json:MixinLootManager
[12:47:23] [main/DEBUG] (mixin) Mixing MixinKeyedResourceReloadListener$Server from fabric-resource-loader-v0.mixins.json into net.minecraft.loot.LootManager
[12:47:23] [main/DEBUG] (mixin) Mixing MixinLootPool from fabric-loot-tables-v1.mixins.json into net.minecraft.loot.LootPool
[12:47:23] [main/DEBUG] (mixin) Mixing MixinLootSupplier from fabric-loot-tables-v1.mixins.json into net.minecraft.loot.LootTable
[12:47:23] [main/DEBUG] (mixin) Mixing MixinKeyedResourceReloadListener$Server from fabric-resource-loader-v0.mixins.json into net.minecraft.server.ServerAdvancementLoader
[12:47:23] [main/DEBUG] (mixin) Mixing MixinKeyedResourceReloadListener$Server from fabric-resource-loader-v0.mixins.json into net.minecraft.server.function.CommandFunctionManager
[12:47:23] [main/DEBUG] (mixin) Mixing MixinServerPlayerInteractionManager from fabric-events-interaction-v0.mixins.json into net.minecraft.server.network.ServerPlayerInteractionManager
[12:47:23] [Server thread/INFO] (net.minecraft.server.integrated.IntegratedServer) Starting integrated minecraft server version 20w19a
[12:47:23] [Server thread/INFO] (net.minecraft.server.integrated.IntegratedServer) Generating keypair
[12:47:23] [Server thread/INFO] (net.minecraft.resource.ReloadableResourceManagerImpl) Reloading ResourceManager: Default, Fabric Tool Attribute API (v1)
[12:47:23] [Worker-9/DEBUG] (mixin) Mixing MixinTagBuilder from fabric-tag-extensions-v0.mixins.json into net.minecraft.tag.Tag$Builder
[12:47:24] [Server thread/INFO] (net.minecraft.recipe.RecipeManager) Loaded 6 recipes
[12:47:24] [Server thread/DEBUG] (mixin) Mixing LootSupplierBuilderHooks from fabric-loot-tables-v1.mixins.json into net.minecraft.loot.LootTable$Builder
[12:47:24] [Server thread/INFO] (net.minecraft.advancement.AdvancementManager) Loaded 908 advancements
[12:47:25] [Server thread/DEBUG] (mixin) Mixing MixinThreadedAnvilChunkStorage from fabric-networking-v0.mixins.json into net.minecraft.server.world.ThreadedAnvilChunkStorage
[12:47:25] [Server thread/DEBUG] (mixin) Mixing MixinPortalForcer from fabric-dimensions-v1.mixins.json into net.minecraft.world.PortalForcer
[12:47:25] [Server thread/DEBUG] (mixin) Mixing idremap.MixinUnmodifiableLevelProperties from fabric-dimensions-v1.mixins.json into net.minecraft.world.level.UnmodifiableLevelProperties
[12:47:25] [Server thread/INFO] (net.minecraft.server.MinecraftServer) Preparing start region for dimension minecraft:overworld
[12:47:27] [main/INFO] (net.minecraft.server.WorldGenerationProgressLogger) Preparing spawn area: 0%
[12:47:27] [main/INFO] (net.minecraft.server.WorldGenerationProgressLogger) Preparing spawn area: 0%
[12:47:27] [main/INFO] (net.minecraft.server.WorldGenerationProgressLogger) Preparing spawn area: 0%
[12:47:27] [main/INFO] (net.minecraft.server.WorldGenerationProgressLogger) Preparing spawn area: 0%
[12:47:27] [Server thread/DEBUG] (mixin) Mixing MixinEntityTracker from fabric-networking-v0.mixins.json into net.minecraft.server.world.ThreadedAnvilChunkStorage$EntityTracker
[12:47:27] [Server thread/DEBUG] (mixin) Mixing MixinMinecraftDedicatedServer from fabric-command-api-v1.mixins.json into net.minecraft.server.dedicated.MinecraftDedicatedServer
[12:47:27] [Server thread/DEBUG] (mixin) Renaming synthetic method executeTask(Ljava/lang/Runnable;)V to md0fc509$executeTask$0 in fabric-command-api-v1.mixins.json:MixinMinecraftDedicatedServer
[12:47:27] [Server thread/DEBUG] (mixin) Renaming synthetic method canExecute(Ljava/lang/Runnable;)Z to md0fc509$canExecute$1 in fabric-command-api-v1.mixins.json:MixinMinecraftDedicatedServer
[12:47:27] [Server thread/DEBUG] (mixin) Renaming synthetic method createTask(Ljava/lang/Runnable;)Ljava/lang/Runnable; to md0fc509$createTask$2 in fabric-command-api-v1.mixins.json:MixinMinecraftDedicatedServer
[12:47:27] [main/INFO] (net.minecraft.server.WorldGenerationProgressLogger) Preparing spawn area: 95%
[12:47:27] [main/INFO] (net.minecraft.server.WorldGenerationProgressLogger) Time elapsed: 2295 ms
[12:47:28] [Server thread/INFO] (net.minecraft.server.integrated.IntegratedServer) Changing view distance to 11, from 10
[12:47:29] [Server thread/DEBUG] (mixin) Mixing MixinServerPlayNetworkHandler from fabric-networking-v0.mixins.json into net.minecraft.server.network.ServerPlayNetworkHandler
[12:47:29] [Server thread/DEBUG] (mixin) Mixing MixinServerPlayNetworkHandler from fabric-events-interaction-v0.mixins.json into net.minecraft.server.network.ServerPlayNetworkHandler
[12:47:29] [Netty Local Client IO #0/DEBUG] (mixin) Mixing MixinCustomPayloadC2SPacket from fabric-networking-v0.mixins.json into net.minecraft.network.packet.c2s.play.CustomPayloadC2SPacket
[12:47:29] [Netty Local Client IO #0/DEBUG] (mixin) Mixing MixinClientPlayNetworkHandler from fabric-networking-v0.mixins.json into net.minecraft.client.network.ClientPlayNetworkHandler
[12:47:29] [Netty Local Client IO #0/DEBUG] (mixin) Mixing MixinClientPlayNetworkHandler from fabric-networking-blockentity-v0.mixins.json into net.minecraft.client.network.ClientPlayNetworkHandler
[12:47:29] [Server thread/INFO] (net.minecraft.server.PlayerManager) Player785[local:E:a6ac1057] logged in with entity id 116 at (100.22446903811233, 4.0, 190.44437393014124)
[12:47:30] [main/DEBUG] (mixin) Mixing MixinClientPlayerInteractionManager from fabric-events-interaction-v0.mixins.json into net.minecraft.client.network.ClientPlayerInteractionManager
[12:47:30] [Server thread/INFO] (net.minecraft.server.MinecraftServer) Player785 joined the game
[12:47:30] [Server thread/INFO] (net.minecraft.server.MinecraftServer) Player785 has reached the goal [Sky's the Limit]
[12:47:30] [main/DEBUG] (mixin) Mixing MixinBlockRenderLayer from fabric-blockrenderlayer-v1.mixins.json into net.minecraft.client.render.RenderLayers
[12:47:30] [main/DEBUG] (mixin) Mixing MixinChunkRenderer from fabric-renderer-indigo.mixins.json into net.minecraft.client.render.chunk.ChunkBuilder$BuiltChunk
[12:47:30] [main/DEBUG] (mixin) Mixing MixinChunkRebuildTask from fabric-renderer-indigo.mixins.json into net.minecraft.client.render.chunk.ChunkBuilder$BuiltChunk$RebuildTask
[12:47:30] [main/DEBUG] (mixin) Mixing MixinChunkRenderData from fabric-renderer-indigo.mixins.json into net.minecraft.client.render.chunk.ChunkBuilder$ChunkData
[12:47:30] [Server thread/INFO] (net.minecraft.server.integrated.IntegratedServer) Saving and pausing game...
[12:47:30] [Server thread/INFO] (net.minecraft.server.MinecraftServer) Saving chunks for level 'ServerLevel[New World]'/minecraft:the_end
[12:47:30] [Server thread/INFO] (net.minecraft.server.MinecraftServer) Saving chunks for level 'ServerLevel[New World]'/minecraft:overworld
[12:47:30] [main/INFO] (net.minecraft.client.gui.hud.ChatHud) [CHAT] Player785 has reached the goal [Sky's the Limit]
[12:47:30] [main/INFO] (net.minecraft.advancement.AdvancementManager) Loaded 5 advancements
[12:47:31] [main/DEBUG] (mixin) Mixing MixinChunkRendererRegion from fabric-renderer-indigo.mixins.json into net.minecraft.client.render.chunk.ChunkRendererRegion
[12:47:31] [main/DEBUG] (mixin) Mixing client.MixinChunkRendererRegion from fabric-rendering-data-attachment-v1.mixins.json into net.minecraft.client.render.chunk.ChunkRendererRegion
[12:47:31] [Server thread/INFO] (net.minecraft.server.MinecraftServer) Saving chunks for level 'ServerLevel[New World]'/minecraft:the_nether
[12:47:31] [Server thread/DEBUG] (FabricRegistrySync) Saving registry data to C:\Users\train\Desktop\Programing\Git\Reforge\run\.\saves\New World\data\fabricRegistry.dat
[12:47:31] [Worker-11/DEBUG] (com.mojang.authlib.HttpAuthenticationService) Opening connection to https://sessionserver.mojang.com/session/minecraft/profile/122d3a7428b3355391d49092b640ce8e?unsigned=true
[12:47:31] [Worker-11/DEBUG] (com.mojang.authlib.HttpAuthenticationService) Reading data from https://sessionserver.mojang.com/session/minecraft/profile/122d3a7428b3355391d49092b640ce8e?unsigned=true
[12:47:31] [Worker-11/DEBUG] (com.mojang.authlib.HttpAuthenticationService) Successful read, server response was 204
[12:47:31] [Worker-11/DEBUG] (com.mojang.authlib.HttpAuthenticationService) Response: 
[12:47:32] [Worker-11/DEBUG] (com.mojang.authlib.yggdrasil.YggdrasilMinecraftSessionService) Couldn't fetch profile properties for com.mojang.authlib.GameProfile@141e03b9[id=122d3a74-28b3-3553-91d4-9092b640ce8e,name=Player785,properties={},legacy=false] as the profile does not exist
[12:47:34] [main/DEBUG] (mixin) Mixing client.MixinCreativePlayerInventoryGui from fabric-item-groups-v0.mixins.json into net.minecraft.client.gui.screen.ingame.CreativeInventoryScreen
[12:47:34] [main/DEBUG] (mixin) Mixing ModelPredicateProviderRegistryAccessor from fabric-object-builder-v1.mixins.json into net.minecraft.client.item.ModelPredicateProviderRegistry
[12:47:34] [main/DEBUG] (mixin) Renaming @Invoker method callRegister(Lnet/minecraft/util/Identifier;Lnet/minecraft/client/item/ModelPredicateProvider;)Lnet/minecraft/client/item/ModelPredicateProvider; to callRegister_$md$0fc509$0 in fabric-object-builder-v1.mixins.json:ModelPredicateProviderRegistryAccessor
[12:47:34] [main/DEBUG] (mixin) Mixing ModelPredicateProviderRegistrySpecificAccessor from fabric-object-builder-v1.mixins.json into net.minecraft.client.item.ModelPredicateProviderRegistry
[12:47:34] [main/DEBUG] (mixin) Renaming @Invoker method callRegister(Lnet/minecraft/item/Item;Lnet/minecraft/util/Identifier;Lnet/minecraft/client/item/ModelPredicateProvider;)V to callRegister_$md$0fc509$1 in fabric-object-builder-v1.mixins.json:ModelPredicateProviderRegistrySpecificAccessor
[12:47:34] [main/DEBUG] (mixin) Mixing MixinBuiltinModelItemRenderer from fabric-rendering-v1.mixins.json into net.minecraft.client.render.item.BuiltinModelItemRenderer
[12:47:57] [Server thread/INFO] (net.minecraft.server.integrated.IntegratedServer) Saving and pausing game...
[12:47:57] [Server thread/INFO] (net.minecraft.server.MinecraftServer) Saving chunks for level 'ServerLevel[New World]'/minecraft:the_end
[12:47:57] [Server thread/INFO] (net.minecraft.server.MinecraftServer) Saving chunks for level 'ServerLevel[New World]'/minecraft:overworld
[12:47:57] [Server thread/INFO] (net.minecraft.server.MinecraftServer) Saving chunks for level 'ServerLevel[New World]'/minecraft:the_nether
[12:47:59] [main/INFO] (net.minecraft.client.MinecraftClient) Stopping!
[12:47:59] [Server thread/INFO] (net.minecraft.server.network.ServerPlayNetworkHandler) Player785 lost connection: Disconnected
[12:47:59] [Server thread/INFO] (net.minecraft.server.MinecraftServer) Player785 left the game
[12:47:59] [Server thread/INFO] (net.minecraft.server.network.ServerPlayNetworkHandler) Stopping singleplayer server as player logged out
[12:47:59] [Server thread/INFO] (net.minecraft.server.MinecraftServer) Stopping server
[12:47:59] [Server thread/INFO] (net.minecraft.server.MinecraftServer) Saving players
[12:47:59] [Server thread/INFO] (net.minecraft.server.MinecraftServer) Saving worlds
[12:47:59] [Server thread/INFO] (net.minecraft.server.MinecraftServer) Saving chunks for level 'ServerLevel[New World]'/minecraft:the_end
[12:47:59] [Server thread/INFO] (net.minecraft.server.world.ThreadedAnvilChunkStorage) ThreadedAnvilChunkStorage (DIM1): All chunks are saved
[12:47:59] [Server thread/INFO] (net.minecraft.server.MinecraftServer) Saving chunks for level 'ServerLevel[New World]'/minecraft:overworld
[12:48:03] [Server thread/INFO] (net.minecraft.server.world.ThreadedAnvilChunkStorage) ThreadedAnvilChunkStorage (New World): All chunks are saved
[12:48:03] [Server thread/INFO] (net.minecraft.server.MinecraftServer) Saving chunks for level 'ServerLevel[New World]'/minecraft:the_nether
[12:48:03] [Server thread/INFO] (net.minecraft.server.world.ThreadedAnvilChunkStorage) ThreadedAnvilChunkStorage (DIM-1): All chunks are saved
[12:48:03] [Server thread/INFO] (net.minecraft.server.world.ThreadedAnvilChunkStorage) ThreadedAnvilChunkStorage (DIM1): All chunks are saved
[12:48:03] [Server thread/INFO] (net.minecraft.server.world.ThreadedAnvilChunkStorage) ThreadedAnvilChunkStorage (New World): All chunks are saved
[12:48:04] [Server thread/INFO] (net.minecraft.server.world.ThreadedAnvilChunkStorage) ThreadedAnvilChunkStorage (DIM-1): All chunks are saved
