[12:39:37] [main/INFO] (Fabric|Loader) [FabricLoader] Loading 37 mods: fabric-renderer-api-v1@0.2.13+eae12eb8d2, minecraft@1.16-alpha.20.19.a, fabric-networking-blockentity-v0@0.2.5+b50ffc7bd2, fabric-keybindings-v0@0.1.1+dfdb52d6d2, fabric-command-api-v1@1.0.2+fbdec548d2, fabricloader@0.8.2+build.194, fabric-tool-attribute-api-v1@1.0.4+fa840743d2, fabric-renderer-indigo@0.2.29+6c0e72dfd2, fabric-containers-v0@0.1.7+d249f7b6d2, fabric-object-builder-api-v1@1.2.0+57dbcc4cd2, fabric-dimensions-v1@0.4.1+686e6e57d2, fabric-biomes-v1@0.2.2+2fd224cad2, fabric-crash-report-info-v1@0.1.2+b7f9825dd2, fabric-events-interaction-v0@0.3.0+04b99794d2, fabric-api-base@0.1.3+12a8474cd2, fabric-rendering-v0@1.1.0+53410490d2, fabric-rendering-v1@1.1.0+304e48ebd2, fabric-rendering-data-attachment-v1@0.1.3+b7f9825dd2, fabric-resource-loader-v0@0.1.14+2fd224cad2, fabric-textures-v0@1.0.4+eae12eb8d2, fabric-content-registries-v0@0.1.5+88afe607d2, fabric-tag-extensions-v0@0.2.4+2fd224cad2, fabric-rendering-fluids-v1@0.1.7+12a8474cd2, fabric-registry-sync-v0@0.3.2+d1e1b46cd2, fabric-commands-v0@0.2.0+52d30836d2, modid@0.0.1, fabric-blockrenderlayer-v1@1.1.4+c6a8ea89d2, fabric-mining-levels-v0@0.1.2+b764ce99d2, fabric-renderer-registries-v1@2.0.1+5a0f9a60d2, fabric-events-lifecycle-v0@0.1.2+1a47cd78d2, fabric-loot-tables-v1@0.1.6+2f56dff2d2, fabric@0.10.7+build.344-1.16, fabric-particles-v1@0.1.2+12a8474cd2, fabric-models-v0@0.1.0+dfdb52d6d2, fabric-item-groups-v0@0.1.12+63435d4bd2, fabric-object-builders-v0@0.5.1+57dbcc4cd2, fabric-networking-v0@0.1.9+1a47cd78d2
[12:39:37] [main/INFO] (mixin) SpongePowered MIXIN Subsystem Version=0.8 Source=file:/C:/Users/train/.gradle/caches/modules-2/files-2.1/net.fabricmc/sponge-mixin/0.8+build.18/af077ad2845a00cde186fa2c99c4dd32bd2a2766/sponge-mixin-0.8+build.18.jar Service=Knot/Fabric Env=CLIENT
[12:39:38] [main/INFO] (Fabric|MixinBootstrap) Loaded Fabric development mappings for mixin remapper!
[12:39:38] [main/INFO] (mixin) Remapping refMap fabric-networking-v0-refmap.json using remapper chain
[12:39:38] [main/INFO] (mixin) Remapping refMap fabric-networking-blockentity-v0-refmap.json using remapper chain
[12:39:38] [main/INFO] (mixin) Remapping refMap fabric-biomes-v1-refmap.json using remapper chain
[12:39:38] [main/INFO] (mixin) Remapping refMap fabric-containers-v0-refmap.json using remapper chain
[12:39:38] [main/INFO] (mixin) Remapping refMap fabric-renderer-indigo-refmap.json using remapper chain
[12:39:38] [main/INFO] (mixin) Remapping refMap fabric-rendering-data-attachment-v1-refmap.json using remapper chain
[12:39:38] [main/INFO] (mixin) Remapping refMap fabric-events-interaction-v0-refmap.json using remapper chain
[12:39:38] [main/INFO] (mixin) Remapping refMap fabric-loot-tables-v1-refmap.json using remapper chain
[12:39:38] [main/INFO] (mixin) Remapping refMap fabric-object-builder-api-v1-refmap.json using remapper chain
[12:39:38] [main/INFO] (mixin) Remapping refMap fabric-dimensions-v1-refmap.json using remapper chain
[12:39:38] [main/INFO] (mixin) Remapping refMap fabric-renderer-registries-v1-refmap.json using remapper chain
[12:39:38] [main/INFO] (mixin) Remapping refMap fabric-textures-v0-refmap.json using remapper chain
[12:39:38] [main/INFO] (mixin) Remapping refMap fabric-registry-sync-v0-refmap.json using remapper chain
[12:39:38] [main/INFO] (mixin) Remapping refMap fabric-models-v0-refmap.json using remapper chain
[12:39:38] [main/INFO] (mixin) Remapping refMap fabric-keybindings-v0-refmap.json using remapper chain
[12:39:38] [main/INFO] (mixin) Remapping refMap fabric-blockrenderlayer-v1-refmap.json using remapper chain
[12:39:38] [main/INFO] (mixin) Remapping refMap fabric-renderer-api-v1-refmap.json using remapper chain
[12:39:38] [main/INFO] (mixin) Remapping refMap fabric-containers-v0-refmap.json using remapper chain
[12:39:38] [main/INFO] (mixin) Remapping refMap fabric-events-lifecycle-v0-refmap.json using remapper chain
[12:39:38] [main/INFO] (mixin) Remapping refMap fabric-rendering-fluids-v1-refmap.json using remapper chain
[12:39:38] [main/INFO] (mixin) Remapping refMap fabric-resource-loader-v0-refmap.json using remapper chain
[12:39:38] [main/INFO] (mixin) Remapping refMap fabric-particles-v1-refmap.json using remapper chain
[12:39:38] [main/INFO] (mixin) Remapping refMap fabric-object-builders-refmap.json using remapper chain
[12:39:38] [main/INFO] (mixin) Remapping refMap fabric-tag-extensions-v0-refmap.json using remapper chain
[12:39:38] [main/INFO] (mixin) Remapping refMap fabric-tool-attribute-api-v1-refmap.json using remapper chain
[12:39:38] [main/INFO] (mixin) Remapping refMap fabric-rendering-v1-refmap.json using remapper chain
[12:39:38] [main/INFO] (mixin) Remapping refMap fabric-item-groups-v0-refmap.json using remapper chain
[12:39:38] [main/INFO] (mixin) Remapping refMap fabric-content-registries-v0-refmap.json using remapper chain
[12:39:38] [main/INFO] (mixin) Remapping refMap fabric-command-api-v1-refmap.json using remapper chain
[12:39:38] [main/INFO] (mixin) Remapping refMap fabric-crash-report-info-v1-refmap.json using remapper chain
[12:39:38] [main/INFO] (mixin) Remapping refMap fabric-renderer-api-v1-refmap.json using remapper chain
[12:39:39] [main/INFO] (Minecraft) Environment: authHost='https://authserver.mojang.com', accountsHost='https://api.mojang.com', sessionHost='https://sessionserver.mojang.com', name='PROD'
[12:39:39] [main/INFO] (Minecraft) Setting user: Player785
[12:39:43] [main/INFO] (Indigo) [Indigo] Registering Indigo renderer!
[12:39:44] [main/INFO] (Minecraft) Backend library: LWJGL version 3.2.2 build 10
[12:39:59] [main/INFO] (Minecraft) Narrator library for x64 successfully loaded
[12:39:59] [main/INFO] (Minecraft) [STDOUT]: This line is printed by an Crafting Spawn mixin!
[12:39:59] [main/INFO] (Minecraft) Reloading ResourceManager: Default, Fabric Renderer API (v1), Fabric Networking Block Entity (v0), Fabric Key Bindings (v0), Fabric Tool Attribute API (v1), Fabric Renderer - Indigo, Fabric Containers (v0), Fabric Object Builder API (v1), Fabric Biomes (v1), Fabric Crash Report Info (v1), Fabric Events Interaction (v0), Fabric API Base, Fabric Rendering (v0), Fabric Rendering (v1), Fabric Rendering Data Attachment (v1), Fabric Resource Loader (v0), Fabric Textures (v0), Fabric Content Registries (v0), Fabric Tag Extensions (v0), Fabric Rendering Fluids (v1), Fabric Registry Sync (v0), Reforge, Fabric BlockRenderLayer Registration (v1), Fabric Mining Levels (v0), Fabric Renderer Registries (v1), Fabric Events Lifecycle (v0), Fabric Loot Tables (v1), Fabric API, Fabric Models (v0), Fabric Item Groups (v0), Fabric Object Builders (v0), Fabric Networking (v0)
[12:40:04] [Realms Notification Availability checker #1/INFO] (Minecraft) Could not authorize you against Realms server: Invalid session id
[12:40:05] [Worker-1/WARN] (Minecraft) Unable to load model: 'reforge:netherite_elytra#inventory' referenced from: reforge:netherite_elytra#inventory: java.io.FileNotFoundException: reforge:models/item/netherite_elytra.json
[12:40:07] [main/INFO] (Minecraft) OpenAL initialized.
[12:40:07] [main/INFO] (Minecraft) Sound engine started
[12:40:08] [main/INFO] (Minecraft) Created: 1024x1024x4 minecraft:textures/atlas/blocks.png-atlas
[12:40:08] [main/INFO] (Minecraft) Created: 256x128x4 minecraft:textures/atlas/signs.png-atlas
[12:40:08] [main/INFO] (Minecraft) Created: 1024x512x4 minecraft:textures/atlas/banner_patterns.png-atlas
[12:40:08] [main/INFO] (Minecraft) Created: 1024x512x4 minecraft:textures/atlas/shield_patterns.png-atlas
[12:40:08] [main/INFO] (Minecraft) Created: 256x256x4 minecraft:textures/atlas/chest.png-atlas
[12:40:08] [main/INFO] (Minecraft) Created: 512x256x4 minecraft:textures/atlas/beds.png-atlas
[12:40:08] [main/INFO] (Minecraft) Created: 512x256x4 minecraft:textures/atlas/shulker_boxes.png-atlas
[12:40:08] [main/INFO] (Minecraft) Created: 256x256x0 minecraft:textures/atlas/particles.png-atlas
[12:40:08] [main/INFO] (Minecraft) Created: 256x256x0 minecraft:textures/atlas/paintings.png-atlas
[12:40:08] [main/INFO] (Minecraft) Created: 256x128x0 minecraft:textures/atlas/mob_effects.png-atlas
[12:40:08] [main/INFO] (Minecraft) [STDOUT]: This line is printed by an Crafting Spawn mixin!
[12:47:22] [main/WARN] (Minecraft) Adding reforge:netherite_elytra to saved/remote registry.
[12:47:22] [main/WARN] (Minecraft) reforge:netherriteelytra missing from registry, but requested!
[12:47:22] [main/INFO] (FabricRegistrySync) [fabric-registry-sync] Loaded registry data [file 1/4]
[12:47:22] [main/INFO] (Minecraft) Environment: authHost='https://authserver.mojang.com', accountsHost='https://api.mojang.com', sessionHost='https://sessionserver.mojang.com', name='PROD'
[12:47:23] [main/WARN] (Minecraft) Ambiguity between arguments [teleport, destination] and [teleport, targets] with inputs: [Player, 0123, @e, dd12be42-52a9-4a91-a8a1-11c01849e498]
[12:47:23] [main/WARN] (Minecraft) Ambiguity between arguments [teleport, location] and [teleport, destination] with inputs: [0.1 -0.5 .9, 0 0 0]
[12:47:23] [main/WARN] (Minecraft) Ambiguity between arguments [teleport, location] and [teleport, targets] with inputs: [0.1 -0.5 .9, 0 0 0]
[12:47:23] [main/WARN] (Minecraft) Ambiguity between arguments [teleport, targets] and [teleport, destination] with inputs: [Player, 0123, dd12be42-52a9-4a91-a8a1-11c01849e498]
[12:47:23] [main/WARN] (Minecraft) Ambiguity between arguments [teleport, targets, location] and [teleport, targets, destination] with inputs: [0.1 -0.5 .9, 0 0 0]
[12:47:23] [Server thread/INFO] (Minecraft) Starting integrated minecraft server version 20w19a
[12:47:23] [Server thread/INFO] (Minecraft) Generating keypair
[12:47:23] [Server thread/INFO] (Minecraft) Reloading ResourceManager: Default, Fabric Tool Attribute API (v1)
[12:47:24] [Server thread/INFO] (Minecraft) Loaded 6 recipes
[12:47:24] [Server thread/INFO] (Minecraft) Loaded 908 advancements
[12:47:25] [Server thread/INFO] (Minecraft) Preparing start region for dimension minecraft:overworld
[12:47:27] [main/INFO] (Minecraft) Preparing spawn area: 0%
[12:47:27] [main/INFO] (Minecraft) Preparing spawn area: 0%
[12:47:27] [main/INFO] (Minecraft) Preparing spawn area: 0%
[12:47:27] [main/INFO] (Minecraft) Preparing spawn area: 0%
[12:47:27] [main/INFO] (Minecraft) Preparing spawn area: 95%
[12:47:27] [main/INFO] (Minecraft) Time elapsed: 2295 ms
[12:47:28] [Server thread/INFO] (Minecraft) Changing view distance to 11, from 10
[12:47:29] [Server thread/INFO] (Minecraft) Player785[local:E:a6ac1057] logged in with entity id 116 at (100.22446903811233, 4.0, 190.44437393014124)
[12:47:30] [Server thread/INFO] (Minecraft) Player785 joined the game
[12:47:30] [Server thread/INFO] (Minecraft) Player785 has reached the goal [Sky's the Limit]
[12:47:30] [Server thread/INFO] (Minecraft) Saving and pausing game...
[12:47:30] [Server thread/INFO] (Minecraft) Saving chunks for level 'ServerLevel[New World]'/minecraft:the_end
[12:47:30] [Server thread/INFO] (Minecraft) Saving chunks for level 'ServerLevel[New World]'/minecraft:overworld
[12:47:30] [main/INFO] (Minecraft) [CHAT] Player785 has reached the goal [Sky's the Limit]
[12:47:30] [main/INFO] (Minecraft) Loaded 5 advancements
[12:47:31] [Server thread/INFO] (Minecraft) Saving chunks for level 'ServerLevel[New World]'/minecraft:the_nether
[12:47:57] [Server thread/INFO] (Minecraft) Saving and pausing game...
[12:47:57] [Server thread/INFO] (Minecraft) Saving chunks for level 'ServerLevel[New World]'/minecraft:the_end
[12:47:57] [Server thread/INFO] (Minecraft) Saving chunks for level 'ServerLevel[New World]'/minecraft:overworld
[12:47:57] [Server thread/INFO] (Minecraft) Saving chunks for level 'ServerLevel[New World]'/minecraft:the_nether
[12:47:59] [main/INFO] (Minecraft) Stopping!
[12:47:59] [Server thread/INFO] (Minecraft) Player785 lost connection: Disconnected
[12:47:59] [Server thread/INFO] (Minecraft) Player785 left the game
[12:47:59] [Server thread/INFO] (Minecraft) Stopping singleplayer server as player logged out
[12:47:59] [Server thread/INFO] (Minecraft) Stopping server
[12:47:59] [Server thread/INFO] (Minecraft) Saving players
[12:47:59] [Server thread/INFO] (Minecraft) Saving worlds
[12:47:59] [Server thread/INFO] (Minecraft) Saving chunks for level 'ServerLevel[New World]'/minecraft:the_end
[12:47:59] [Server thread/INFO] (Minecraft) ThreadedAnvilChunkStorage (DIM1): All chunks are saved
[12:47:59] [Server thread/INFO] (Minecraft) Saving chunks for level 'ServerLevel[New World]'/minecraft:overworld
[12:48:03] [Server thread/INFO] (Minecraft) ThreadedAnvilChunkStorage (New World): All chunks are saved
[12:48:03] [Server thread/INFO] (Minecraft) Saving chunks for level 'ServerLevel[New World]'/minecraft:the_nether
[12:48:03] [Server thread/INFO] (Minecraft) ThreadedAnvilChunkStorage (DIM-1): All chunks are saved
[12:48:03] [Server thread/INFO] (Minecraft) ThreadedAnvilChunkStorage (DIM1): All chunks are saved
[12:48:03] [Server thread/INFO] (Minecraft) ThreadedAnvilChunkStorage (New World): All chunks are saved
[12:48:04] [Server thread/INFO] (Minecraft) ThreadedAnvilChunkStorage (DIM-1): All chunks are saved
